<?xml version="1.0" encoding="UTF-8"?>
<testsuite xmlns:xsi="http://www.w3.org/2001/XMLSchema-instance" xsi:noNamespaceSchemaLocation="https://maven.apache.org/surefire/maven-surefire-plugin/xsd/surefire-test-report-3.0.xsd" version="3.0" name="TestSuite" time="885.399" tests="11" errors="0" skipped="0" failures="0">
  <properties>
    <property name="sun.desktop" value="windows"/>
    <property name="awt.toolkit" value="sun.awt.windows.WToolkit"/>
    <property name="java.specification.version" value="11"/>
    <property name="sun.cpu.isalist" value="amd64"/>
    <property name="sun.jnu.encoding" value="Cp1251"/>
    <property name="java.class.path" value="C:\Users\User\.m2\repository\org\apache\maven\surefire\surefire-booter\3.0.0-M6\surefire-booter-3.0.0-M6.jar;C:\Users\User\.m2\repository\org\apache\maven\surefire\surefire-api\3.0.0-M6\surefire-api-3.0.0-M6.jar;C:\Users\User\.m2\repository\org\apache\maven\surefire\surefire-logger-api\3.0.0-M6\surefire-logger-api-3.0.0-M6.jar;C:\Users\User\.m2\repository\org\apache\maven\surefire\surefire-shared-utils\3.0.0-M6\surefire-shared-utils-3.0.0-M6.jar;C:\Users\User\.m2\repository\org\apache\maven\surefire\surefire-extensions-spi\3.0.0-M6\surefire-extensions-spi-3.0.0-M6.jar;C:\Users\User\Documents\GitHub\project-qa\target\test-classes;C:\Users\User\Documents\GitHub\project-qa\target\classes;C:\Users\User\.m2\repository\com\qaprosoft\carina-core\7.4.26\carina-core-7.4.26.jar;C:\Users\User\.m2\repository\com\qaprosoft\carina-dataprovider\7.4.26\carina-dataprovider-7.4.26.jar;C:\Users\User\.m2\repository\com\qaprosoft\carina-commons\7.4.26\carina-commons-7.4.26.jar;C:\Users\User\.m2\repository\net\sf\opencsv\opencsv\1.7\opencsv-1.7.jar;C:\Users\User\.m2\repository\org\apache\poi\poi-ooxml\4.1.2\poi-ooxml-4.1.2.jar;C:\Users\User\.m2\repository\org\apache\poi\poi\4.1.2\poi-4.1.2.jar;C:\Users\User\.m2\repository\org\apache\commons\commons-collections4\4.4\commons-collections4-4.4.jar;C:\Users\User\.m2\repository\org\apache\commons\commons-math3\3.6.1\commons-math3-3.6.1.jar;C:\Users\User\.m2\repository\com\zaxxer\SparseBitSet\1.2\SparseBitSet-1.2.jar;C:\Users\User\.m2\repository\org\apache\poi\poi-ooxml-schemas\4.1.2\poi-ooxml-schemas-4.1.2.jar;C:\Users\User\.m2\repository\org\apache\xmlbeans\xmlbeans\3.1.0\xmlbeans-3.1.0.jar;C:\Users\User\.m2\repository\org\apache\commons\commons-compress\1.19\commons-compress-1.19.jar;C:\Users\User\.m2\repository\com\github\virtuald\curvesapi\1.06\curvesapi-1.06.jar;C:\Users\User\.m2\repository\com\qaprosoft\carina-utils\7.4.26\carina-utils-7.4.26.jar;C:\Users\User\.m2\repository\com\qaprosoft\carina-crypto\7.4.26\carina-crypto-7.4.26.jar;C:\Users\User\.m2\repository\commons-cli\commons-cli\1.2\commons-cli-1.2.jar;C:\Users\User\.m2\repository\commons-codec\commons-codec\1.9\commons-codec-1.9.jar;C:\Users\User\.m2\repository\com\zebrunner\agent-testng-pluggable\1.7.4\agent-testng-pluggable-1.7.4.jar;C:\Users\User\.m2\repository\com\zebrunner\agent-core\1.7.4\agent-core-1.7.4.jar;C:\Users\User\.m2\repository\com\konghq\unirest-java\3.13.10\unirest-java-3.13.10.jar;C:\Users\User\.m2\repository\org\apache\httpcomponents\httpcore-nio\4.4.13\httpcore-nio-4.4.13.jar;C:\Users\User\.m2\repository\org\apache\httpcomponents\httpasyncclient\4.1.5\httpasyncclient-4.1.5.jar;C:\Users\User\.m2\repository\org\yaml\snakeyaml\1.30\snakeyaml-1.30.jar;C:\Users\User\.m2\repository\org\apache\logging\log4j\log4j-slf4j-impl\2.17.1\log4j-slf4j-impl-2.17.1.jar;C:\Users\User\.m2\repository\commons-io\commons-io\2.7\commons-io-2.7.jar;C:\Users\User\.m2\repository\org\seleniumhq\selenium\selenium-api\3.141.59\selenium-api-3.141.59.jar;C:\Users\User\.m2\repository\org\seleniumhq\selenium\selenium-remote-driver\3.141.59\selenium-remote-driver-3.141.59.jar;C:\Users\User\.m2\repository\com\sun\jna\jna\3.0.9\jna-3.0.9.jar;C:\Users\User\.m2\repository\io\rest-assured\rest-assured\4.3.0\rest-assured-4.3.0.jar;C:\Users\User\.m2\repository\org\codehaus\groovy\groovy\3.0.2\groovy-3.0.2.jar;C:\Users\User\.m2\repository\org\codehaus\groovy\groovy-xml\3.0.2\groovy-xml-3.0.2.jar;C:\Users\User\.m2\repository\org\apache\httpcomponents\httpmime\4.5.3\httpmime-4.5.3.jar;C:\Users\User\.m2\repository\org\hamcrest\hamcrest\2.1\hamcrest-2.1.jar;C:\Users\User\.m2\repository\org\ccil\cowan\tagsoup\tagsoup\1.2.1\tagsoup-1.2.1.jar;C:\Users\User\.m2\repository\io\rest-assured\xml-path\4.3.0\xml-path-4.3.0.jar;C:\Users\User\.m2\repository\jakarta\xml\bind\jakarta.xml.bind-api\2.3.2\jakarta.xml.bind-api-2.3.2.jar;C:\Users\User\.m2\repository\jakarta\activation\jakarta.activation-api\1.2.1\jakarta.activation-api-1.2.1.jar;C:\Users\User\.m2\repository\com\sun\xml\bind\jaxb-osgi\2.3.0.1\jaxb-osgi-2.3.0.1.jar;C:\Users\User\.m2\repository\org\apache\sling\org.apache.sling.javax.activation\0.1.0\org.apache.sling.javax.activation-0.1.0.jar;C:\Users\User\.m2\repository\io\rest-assured\json-path\4.3.0\json-path-4.3.0.jar;C:\Users\User\.m2\repository\org\codehaus\groovy\groovy-json\3.0.2\groovy-json-3.0.2.jar;C:\Users\User\.m2\repository\io\rest-assured\rest-assured-common\4.3.0\rest-assured-common-4.3.0.jar;C:\Users\User\.m2\repository\org\apache\pdfbox\pdfbox\2.0.24\pdfbox-2.0.24.jar;C:\Users\User\.m2\repository\org\apache\pdfbox\fontbox\2.0.24\fontbox-2.0.24.jar;C:\Users\User\.m2\repository\com\fasterxml\jackson\core\jackson-core\2.13.3\jackson-core-2.13.3.jar;C:\Users\User\.m2\repository\com\fasterxml\jackson\core\jackson-databind\2.13.3\jackson-databind-2.13.3.jar;C:\Users\User\.m2\repository\com\fasterxml\jackson\core\jackson-annotations\2.13.3\jackson-annotations-2.13.3.jar;C:\Users\User\.m2\repository\org\mongodb\mongo-java-driver\2.11.3\mongo-java-driver-2.11.3.jar;C:\Users\User\.m2\repository\joda-time\joda-time\2.9.9\joda-time-2.9.9.jar;C:\Users\User\.m2\repository\commons-net\commons-net\3.3\commons-net-3.3.jar;C:\Users\User\.m2\repository\org\imgscalr\imgscalr-lib\4.2\imgscalr-lib-4.2.jar;C:\Users\User\.m2\repository\com\google\code\gson\gson\2.9.0\gson-2.9.0.jar;C:\Users\User\.m2\repository\javax\xml\bind\jaxb-api\2.2.2\jaxb-api-2.2.2.jar;C:\Users\User\.m2\repository\javax\xml\stream\stax-api\1.0-2\stax-api-1.0-2.jar;C:\Users\User\.m2\repository\javax\activation\activation\1.1\activation-1.1.jar;C:\Users\User\.m2\repository\com\qaprosoft\carina-api\7.4.26\carina-api-7.4.26.jar;C:\Users\User\.m2\repository\org\apache\httpcomponents\httpclient\4.5.13\httpclient-4.5.13.jar;C:\Users\User\.m2\repository\org\apache\httpcomponents\httpcore\4.4.13\httpcore-4.4.13.jar;C:\Users\User\.m2\repository\commons-logging\commons-logging\1.2\commons-logging-1.2.jar;C:\Users\User\.m2\repository\org\apache\commons\commons-configuration2\2.7\commons-configuration2-2.7.jar;C:\Users\User\.m2\repository\org\apache\commons\commons-text\1.8\commons-text-1.8.jar;C:\Users\User\.m2\repository\org\freemarker\freemarker\2.3.31\freemarker-2.3.31.jar;C:\Users\User\.m2\repository\org\skyscreamer\jsonassert\1.5.0\jsonassert-1.5.0.jar;C:\Users\User\.m2\repository\ognl\ognl\3.3.2\ognl-3.3.2.jar;C:\Users\User\.m2\repository\org\javassist\javassist\3.28.0-GA\javassist-3.28.0-GA.jar;C:\Users\User\.m2\repository\org\xmlunit\xmlunit-assertj3\2.8.2\xmlunit-assertj3-2.8.2.jar;C:\Users\User\.m2\repository\org\xmlunit\xmlunit-core\2.8.2\xmlunit-core-2.8.2.jar;C:\Users\User\.m2\repository\org\assertj\assertj-core\3.18.1\assertj-core-3.18.1.jar;C:\Users\User\.m2\repository\io\rest-assured\json-schema-validator\4.3.0\json-schema-validator-4.3.0.jar;C:\Users\User\.m2\repository\com\github\java-json-tools\json-schema-validator\2.2.10\json-schema-validator-2.2.10.jar;C:\Users\User\.m2\repository\com\github\java-json-tools\json-schema-core\1.2.10\json-schema-core-1.2.10.jar;C:\Users\User\.m2\repository\com\github\java-json-tools\jackson-coreutils\1.9\jackson-coreutils-1.9.jar;C:\Users\User\.m2\repository\com\github\fge\msg-simple\1.1\msg-simple-1.1.jar;C:\Users\User\.m2\repository\com\github\fge\btf\1.2\btf-1.2.jar;C:\Users\User\.m2\repository\com\github\fge\uri-template\0.9\uri-template-0.9.jar;C:\Users\User\.m2\repository\org\mozilla\rhino\1.7.7.1\rhino-1.7.7.1.jar;C:\Users\User\.m2\repository\javax\mail\mailapi\1.4.3\mailapi-1.4.3.jar;C:\Users\User\.m2\repository\com\googlecode\libphonenumber\libphonenumber\8.0.0\libphonenumber-8.0.0.jar;C:\Users\User\.m2\repository\net\sf\jopt-simple\jopt-simple\5.0.3\jopt-simple-5.0.3.jar;C:\Users\User\.m2\repository\org\everit\json\org.everit.json.schema\1.5.1\org.everit.json.schema-1.5.1.jar;C:\Users\User\.m2\repository\org\json\json\20160810\json-20160810.jar;C:\Users\User\.m2\repository\com\jayway\jsonpath\json-path\2.5.0\json-path-2.5.0.jar;C:\Users\User\.m2\repository\net\minidev\json-smart\2.3\json-smart-2.3.jar;C:\Users\User\.m2\repository\net\minidev\accessors-smart\1.2\accessors-smart-1.2.jar;C:\Users\User\.m2\repository\com\qaprosoft\carina-reporting\7.4.26\carina-reporting-7.4.26.jar;C:\Users\User\.m2\repository\com\qaprosoft\carina-webdriver\7.4.26\carina-webdriver-7.4.26.jar;C:\Users\User\.m2\repository\org\seleniumhq\selenium\selenium-firefox-driver\3.141.59\selenium-firefox-driver-3.141.59.jar;C:\Users\User\.m2\repository\org\seleniumhq\selenium\selenium-chrome-driver\3.141.59\selenium-chrome-driver-3.141.59.jar;C:\Users\User\.m2\repository\ru\yandex\qatools\ashot\ashot\1.5.4\ashot-1.5.4.jar;C:\Users\User\.m2\repository\com\itextpdf\itextpdf\5.5.13.2\itextpdf-5.5.13.2.jar;C:\Users\User\.m2\repository\org\reflections\reflections\0.9.10\reflections-0.9.10.jar;C:\Users\User\.m2\repository\com\google\code\findbugs\annotations\2.0.1\annotations-2.0.1.jar;C:\Users\User\.m2\repository\com\sun\jersey\jersey-core\1.19.4\jersey-core-1.19.4.jar;C:\Users\User\.m2\repository\javax\ws\rs\jsr311-api\1.1.1\jsr311-api-1.1.1.jar;C:\Users\User\.m2\repository\org\hamcrest\hamcrest-core\1.3\hamcrest-core-1.3.jar;C:\Users\User\.m2\repository\org\hamcrest\hamcrest-all\1.3\hamcrest-all-1.3.jar;C:\Users\User\.m2\repository\com\qaprosoft\carina-appcenter\7.4.26\carina-appcenter-7.4.26.jar;C:\Users\User\.m2\repository\org\springframework\spring-web\5.3.19\spring-web-5.3.19.jar;C:\Users\User\.m2\repository\org\springframework\spring-beans\5.3.19\spring-beans-5.3.19.jar;C:\Users\User\.m2\repository\org\springframework\spring-core\5.3.19\spring-core-5.3.19.jar;C:\Users\User\.m2\repository\org\springframework\spring-jcl\5.3.19\spring-jcl-5.3.19.jar;C:\Users\User\.m2\repository\com\google\guava\guava\29.0-jre\guava-29.0-jre.jar;C:\Users\User\.m2\repository\com\google\guava\failureaccess\1.0.1\failureaccess-1.0.1.jar;C:\Users\User\.m2\repository\com\google\guava\listenablefuture\9999.0-empty-to-avoid-conflict-with-guava\listenablefuture-9999.0-empty-to-avoid-conflict-with-guava.jar;C:\Users\User\.m2\repository\com\google\errorprone\error_prone_annotations\2.3.4\error_prone_annotations-2.3.4.jar;C:\Users\User\.m2\repository\com\google\j2objc\j2objc-annotations\1.3\j2objc-annotations-1.3.jar;C:\Users\User\.m2\repository\com\qaprosoft\carina-aws-s3\7.4.26\carina-aws-s3-7.4.26.jar;C:\Users\User\.m2\repository\com\amazonaws\aws-java-sdk-core\1.11.923\aws-java-sdk-core-1.11.923.jar;C:\Users\User\.m2\repository\software\amazon\ion\ion-java\1.0.2\ion-java-1.0.2.jar;C:\Users\User\.m2\repository\com\fasterxml\jackson\dataformat\jackson-dataformat-cbor\2.6.7\jackson-dataformat-cbor-2.6.7.jar;C:\Users\User\.m2\repository\com\qaprosoft\carina-proxy\7.4.26\carina-proxy-7.4.26.jar;C:\Users\User\.m2\repository\net\lightbody\bmp\browsermob-core\2.1.5\browsermob-core-2.1.5.jar;C:\Users\User\.m2\repository\net\lightbody\bmp\littleproxy\1.1.0-beta-bmp-17\littleproxy-1.1.0-beta-bmp-17.jar;C:\Users\User\.m2\repository\dnsjava\dnsjava\2.1.8\dnsjava-2.1.8.jar;C:\Users\User\.m2\repository\org\slf4j\jcl-over-slf4j\1.7.25\jcl-over-slf4j-1.7.25.jar;C:\Users\User\.m2\repository\com\jcraft\jzlib\1.1.3\jzlib-1.1.3.jar;C:\Users\User\.m2\repository\org\bouncycastle\bcprov-jdk15on\1.58\bcprov-jdk15on-1.58.jar;C:\Users\User\.m2\repository\org\bouncycastle\bcpkix-jdk15on\1.58\bcpkix-jdk15on-1.58.jar;C:\Users\User\.m2\repository\net\lightbody\bmp\mitm\2.1.5\mitm-2.1.5.jar;C:\Users\User\.m2\repository\io\netty\netty-all\4.1.42.Final\netty-all-4.1.42.Final.jar;C:\Users\User\.m2\repository\org\apache\commons\commons-lang3\3.5\commons-lang3-3.5.jar;C:\Users\User\.m2\repository\commons-collections\commons-collections\3.2.2\commons-collections-3.2.2.jar;C:\Users\User\.m2\repository\org\seleniumhq\selenium\selenium-support\3.141.59\selenium-support-3.141.59.jar;C:\Users\User\.m2\repository\org\apache\commons\commons-exec\1.3\commons-exec-1.3.jar;C:\Users\User\.m2\repository\com\squareup\okhttp3\okhttp\3.11.0\okhttp-3.11.0.jar;C:\Users\User\.m2\repository\com\squareup\okio\okio\1.14.0\okio-1.14.0.jar;C:\Users\User\.m2\repository\com\amazonaws\aws-java-sdk-s3\1.11.923\aws-java-sdk-s3-1.11.923.jar;C:\Users\User\.m2\repository\org\testng\testng\7.5\testng-7.5.jar;C:\Users\User\.m2\repository\com\google\code\findbugs\jsr305\3.0.1\jsr305-3.0.1.jar;C:\Users\User\.m2\repository\com\beust\jcommander\1.78\jcommander-1.78.jar;C:\Users\User\.m2\repository\org\webjars\jquery\3.5.1\jquery-3.5.1.jar;C:\Users\User\.m2\repository\com\nordstrom\tools\testng-foundation\2.0.1\testng-foundation-2.0.1.jar;C:\Users\User\.m2\repository\com\nordstrom\tools\java-utils\1.9.3\java-utils-1.9.3.jar;C:\Users\User\.m2\repository\com\nordstrom\tools\settings\2.3.3\settings-2.3.3.jar;C:\Users\User\.m2\repository\commons-beanutils\commons-beanutils\1.9.4\commons-beanutils-1.9.4.jar;C:\Users\User\.m2\repository\io\appium\java-client\7.6.0\java-client-7.6.0.jar;C:\Users\User\.m2\repository\org\seleniumhq\selenium\selenium-java\3.141.59\selenium-java-3.141.59.jar;C:\Users\User\.m2\repository\org\seleniumhq\selenium\selenium-edge-driver\3.141.59\selenium-edge-driver-3.141.59.jar;C:\Users\User\.m2\repository\org\seleniumhq\selenium\selenium-ie-driver\3.141.59\selenium-ie-driver-3.141.59.jar;C:\Users\User\.m2\repository\org\seleniumhq\selenium\selenium-opera-driver\3.141.59\selenium-opera-driver-3.141.59.jar;C:\Users\User\.m2\repository\org\seleniumhq\selenium\selenium-safari-driver\3.141.59\selenium-safari-driver-3.141.59.jar;C:\Users\User\.m2\repository\cglib\cglib\3.3.0\cglib-3.3.0.jar;C:\Users\User\.m2\repository\org\ow2\asm\asm\7.1\asm-7.1.jar;C:\Users\User\.m2\repository\commons-validator\commons-validator\1.7\commons-validator-1.7.jar;C:\Users\User\.m2\repository\commons-digester\commons-digester\2.1\commons-digester-2.1.jar;C:\Users\User\.m2\repository\org\aspectj\aspectjweaver\1.9.7\aspectjweaver-1.9.7.jar;C:\Users\User\.m2\repository\com\qaprosoft\carina-azure\7.4.26\carina-azure-7.4.26.jar;C:\Users\User\.m2\repository\com\azure\azure-storage-blob\12.7.0\azure-storage-blob-12.7.0.jar;C:\Users\User\.m2\repository\com\azure\azure-core\1.5.1\azure-core-1.5.1.jar;C:\Users\User\.m2\repository\com\fasterxml\jackson\datatype\jackson-datatype-jsr310\2.10.1\jackson-datatype-jsr310-2.10.1.jar;C:\Users\User\.m2\repository\com\fasterxml\jackson\dataformat\jackson-dataformat-xml\2.10.1\jackson-dataformat-xml-2.10.1.jar;C:\Users\User\.m2\repository\com\fasterxml\jackson\module\jackson-module-jaxb-annotations\2.10.1\jackson-module-jaxb-annotations-2.10.1.jar;C:\Users\User\.m2\repository\org\codehaus\woodstox\stax2-api\4.2\stax2-api-4.2.jar;C:\Users\User\.m2\repository\com\fasterxml\woodstox\woodstox-core\6.0.2\woodstox-core-6.0.2.jar;C:\Users\User\.m2\repository\io\projectreactor\reactor-core\3.3.5.RELEASE\reactor-core-3.3.5.RELEASE.jar;C:\Users\User\.m2\repository\org\reactivestreams\reactive-streams\1.0.3\reactive-streams-1.0.3.jar;C:\Users\User\.m2\repository\io\netty\netty-tcnative-boringssl-static\2.0.29.Final\netty-tcnative-boringssl-static-2.0.29.Final.jar;C:\Users\User\.m2\repository\com\azure\azure-storage-common\12.7.0\azure-storage-common-12.7.0.jar;C:\Users\User\.m2\repository\com\azure\azure-core-http-netty\1.5.2\azure-core-http-netty-1.5.2.jar;C:\Users\User\.m2\repository\io\netty\netty-handler\4.1.49.Final\netty-handler-4.1.49.Final.jar;C:\Users\User\.m2\repository\io\netty\netty-common\4.1.49.Final\netty-common-4.1.49.Final.jar;C:\Users\User\.m2\repository\io\netty\netty-resolver\4.1.49.Final\netty-resolver-4.1.49.Final.jar;C:\Users\User\.m2\repository\io\netty\netty-transport\4.1.49.Final\netty-transport-4.1.49.Final.jar;C:\Users\User\.m2\repository\io\netty\netty-codec\4.1.49.Final\netty-codec-4.1.49.Final.jar;C:\Users\User\.m2\repository\io\netty\netty-handler-proxy\4.1.49.Final\netty-handler-proxy-4.1.49.Final.jar;C:\Users\User\.m2\repository\io\netty\netty-codec-socks\4.1.49.Final\netty-codec-socks-4.1.49.Final.jar;C:\Users\User\.m2\repository\io\netty\netty-buffer\4.1.49.Final\netty-buffer-4.1.49.Final.jar;C:\Users\User\.m2\repository\io\netty\netty-codec-http\4.1.49.Final\netty-codec-http-4.1.49.Final.jar;C:\Users\User\.m2\repository\io\netty\netty-codec-http2\4.1.49.Final\netty-codec-http2-4.1.49.Final.jar;C:\Users\User\.m2\repository\io\netty\netty-transport-native-unix-common\4.1.49.Final\netty-transport-native-unix-common-4.1.49.Final.jar;C:\Users\User\.m2\repository\io\netty\netty-transport-native-epoll\4.1.49.Final\netty-transport-native-epoll-4.1.49.Final-linux-x86_64.jar;C:\Users\User\.m2\repository\io\projectreactor\netty\reactor-netty\0.9.7.RELEASE\reactor-netty-0.9.7.RELEASE.jar;C:\Users\User\.m2\repository\org\slf4j\slf4j-api\1.7.30\slf4j-api-1.7.30.jar;C:\Users\User\.m2\repository\org\apache\logging\log4j\log4j-api\2.17.1\log4j-api-2.17.1.jar;C:\Users\User\.m2\repository\org\apache\logging\log4j\log4j-core\2.17.1\log4j-core-2.17.1.jar;C:\Users\User\.m2\repository\net\bytebuddy\byte-buddy\1.10.18\byte-buddy-1.10.18.jar;C:\Users\User\.m2\repository\org\mybatis\mybatis\3.5.6\mybatis-3.5.6.jar;C:\Users\User\.m2\repository\org\postgresql\postgresql\42.3.3\postgresql-42.3.3.jar;C:\Users\User\.m2\repository\org\checkerframework\checker-qual\3.5.0\checker-qual-3.5.0.jar;C:\Users\User\.m2\repository\org\apache\maven\surefire\surefire-testng\3.0.0-M6\surefire-testng-3.0.0-M6.jar;C:\Users\User\.m2\repository\org\apache\maven\surefire\common-java5\3.0.0-M6\common-java5-3.0.0-M6.jar;C:\Users\User\.m2\repository\org\apache\maven\surefire\surefire-testng-utils\3.0.0-M6\surefire-testng-utils-3.0.0-M6.jar;C:\Users\User\.m2\repository\org\apache\maven\surefire\surefire-grouper\3.0.0-M6\surefire-grouper-3.0.0-M6.jar"/>
    <property name="java.vm.vendor" value="Oracle Corporation"/>
    <property name="sun.arch.data.model" value="64"/>
    <property name="user.variant" value=""/>
    <property name="java.vendor.url" value="https://openjdk.java.net/"/>
    <property name="user.timezone" value="Europe/Helsinki"/>
    <property name="java.vm.specification.version" value="11"/>
    <property name="os.name" value="Windows 10"/>
    <property name="sun.java.launcher" value="SUN_STANDARD"/>
    <property name="user.country" value="UA"/>
    <property name="sun.boot.library.path" value="C:\Java\jdk-11.0.15\bin"/>
    <property name="sun.java.command" value="org.apache.maven.surefire.booter.ForkedBooter C:\Users\User\AppData\Local\Temp\surefire15321508474165687954 2022-11-01T21-49-44_473-jvmRun1 surefire8566856238368351253tmp surefire_010631880632710656193tmp"/>
    <property name="jdk.debug" value="release"/>
    <property name="surefire.test.class.path" value="C:\Users\User\Documents\GitHub\project-qa\target\test-classes;C:\Users\User\Documents\GitHub\project-qa\target\classes;C:\Users\User\.m2\repository\com\qaprosoft\carina-core\7.4.26\carina-core-7.4.26.jar;C:\Users\User\.m2\repository\com\qaprosoft\carina-dataprovider\7.4.26\carina-dataprovider-7.4.26.jar;C:\Users\User\.m2\repository\com\qaprosoft\carina-commons\7.4.26\carina-commons-7.4.26.jar;C:\Users\User\.m2\repository\net\sf\opencsv\opencsv\1.7\opencsv-1.7.jar;C:\Users\User\.m2\repository\org\apache\poi\poi-ooxml\4.1.2\poi-ooxml-4.1.2.jar;C:\Users\User\.m2\repository\org\apache\poi\poi\4.1.2\poi-4.1.2.jar;C:\Users\User\.m2\repository\org\apache\commons\commons-collections4\4.4\commons-collections4-4.4.jar;C:\Users\User\.m2\repository\org\apache\commons\commons-math3\3.6.1\commons-math3-3.6.1.jar;C:\Users\User\.m2\repository\com\zaxxer\SparseBitSet\1.2\SparseBitSet-1.2.jar;C:\Users\User\.m2\repository\org\apache\poi\poi-ooxml-schemas\4.1.2\poi-ooxml-schemas-4.1.2.jar;C:\Users\User\.m2\repository\org\apache\xmlbeans\xmlbeans\3.1.0\xmlbeans-3.1.0.jar;C:\Users\User\.m2\repository\org\apache\commons\commons-compress\1.19\commons-compress-1.19.jar;C:\Users\User\.m2\repository\com\github\virtuald\curvesapi\1.06\curvesapi-1.06.jar;C:\Users\User\.m2\repository\com\qaprosoft\carina-utils\7.4.26\carina-utils-7.4.26.jar;C:\Users\User\.m2\repository\com\qaprosoft\carina-crypto\7.4.26\carina-crypto-7.4.26.jar;C:\Users\User\.m2\repository\commons-cli\commons-cli\1.2\commons-cli-1.2.jar;C:\Users\User\.m2\repository\commons-codec\commons-codec\1.9\commons-codec-1.9.jar;C:\Users\User\.m2\repository\com\zebrunner\agent-testng-pluggable\1.7.4\agent-testng-pluggable-1.7.4.jar;C:\Users\User\.m2\repository\com\zebrunner\agent-core\1.7.4\agent-core-1.7.4.jar;C:\Users\User\.m2\repository\com\konghq\unirest-java\3.13.10\unirest-java-3.13.10.jar;C:\Users\User\.m2\repository\org\apache\httpcomponents\httpcore-nio\4.4.13\httpcore-nio-4.4.13.jar;C:\Users\User\.m2\repository\org\apache\httpcomponents\httpasyncclient\4.1.5\httpasyncclient-4.1.5.jar;C:\Users\User\.m2\repository\org\yaml\snakeyaml\1.30\snakeyaml-1.30.jar;C:\Users\User\.m2\repository\org\apache\logging\log4j\log4j-slf4j-impl\2.17.1\log4j-slf4j-impl-2.17.1.jar;C:\Users\User\.m2\repository\commons-io\commons-io\2.7\commons-io-2.7.jar;C:\Users\User\.m2\repository\org\seleniumhq\selenium\selenium-api\3.141.59\selenium-api-3.141.59.jar;C:\Users\User\.m2\repository\org\seleniumhq\selenium\selenium-remote-driver\3.141.59\selenium-remote-driver-3.141.59.jar;C:\Users\User\.m2\repository\com\sun\jna\jna\3.0.9\jna-3.0.9.jar;C:\Users\User\.m2\repository\io\rest-assured\rest-assured\4.3.0\rest-assured-4.3.0.jar;C:\Users\User\.m2\repository\org\codehaus\groovy\groovy\3.0.2\groovy-3.0.2.jar;C:\Users\User\.m2\repository\org\codehaus\groovy\groovy-xml\3.0.2\groovy-xml-3.0.2.jar;C:\Users\User\.m2\repository\org\apache\httpcomponents\httpmime\4.5.3\httpmime-4.5.3.jar;C:\Users\User\.m2\repository\org\hamcrest\hamcrest\2.1\hamcrest-2.1.jar;C:\Users\User\.m2\repository\org\ccil\cowan\tagsoup\tagsoup\1.2.1\tagsoup-1.2.1.jar;C:\Users\User\.m2\repository\io\rest-assured\xml-path\4.3.0\xml-path-4.3.0.jar;C:\Users\User\.m2\repository\jakarta\xml\bind\jakarta.xml.bind-api\2.3.2\jakarta.xml.bind-api-2.3.2.jar;C:\Users\User\.m2\repository\jakarta\activation\jakarta.activation-api\1.2.1\jakarta.activation-api-1.2.1.jar;C:\Users\User\.m2\repository\com\sun\xml\bind\jaxb-osgi\2.3.0.1\jaxb-osgi-2.3.0.1.jar;C:\Users\User\.m2\repository\org\apache\sling\org.apache.sling.javax.activation\0.1.0\org.apache.sling.javax.activation-0.1.0.jar;C:\Users\User\.m2\repository\io\rest-assured\json-path\4.3.0\json-path-4.3.0.jar;C:\Users\User\.m2\repository\org\codehaus\groovy\groovy-json\3.0.2\groovy-json-3.0.2.jar;C:\Users\User\.m2\repository\io\rest-assured\rest-assured-common\4.3.0\rest-assured-common-4.3.0.jar;C:\Users\User\.m2\repository\org\apache\pdfbox\pdfbox\2.0.24\pdfbox-2.0.24.jar;C:\Users\User\.m2\repository\org\apache\pdfbox\fontbox\2.0.24\fontbox-2.0.24.jar;C:\Users\User\.m2\repository\com\fasterxml\jackson\core\jackson-core\2.13.3\jackson-core-2.13.3.jar;C:\Users\User\.m2\repository\com\fasterxml\jackson\core\jackson-databind\2.13.3\jackson-databind-2.13.3.jar;C:\Users\User\.m2\repository\com\fasterxml\jackson\core\jackson-annotations\2.13.3\jackson-annotations-2.13.3.jar;C:\Users\User\.m2\repository\org\mongodb\mongo-java-driver\2.11.3\mongo-java-driver-2.11.3.jar;C:\Users\User\.m2\repository\joda-time\joda-time\2.9.9\joda-time-2.9.9.jar;C:\Users\User\.m2\repository\commons-net\commons-net\3.3\commons-net-3.3.jar;C:\Users\User\.m2\repository\org\imgscalr\imgscalr-lib\4.2\imgscalr-lib-4.2.jar;C:\Users\User\.m2\repository\com\google\code\gson\gson\2.9.0\gson-2.9.0.jar;C:\Users\User\.m2\repository\javax\xml\bind\jaxb-api\2.2.2\jaxb-api-2.2.2.jar;C:\Users\User\.m2\repository\javax\xml\stream\stax-api\1.0-2\stax-api-1.0-2.jar;C:\Users\User\.m2\repository\javax\activation\activation\1.1\activation-1.1.jar;C:\Users\User\.m2\repository\com\qaprosoft\carina-api\7.4.26\carina-api-7.4.26.jar;C:\Users\User\.m2\repository\org\apache\httpcomponents\httpclient\4.5.13\httpclient-4.5.13.jar;C:\Users\User\.m2\repository\org\apache\httpcomponents\httpcore\4.4.13\httpcore-4.4.13.jar;C:\Users\User\.m2\repository\commons-logging\commons-logging\1.2\commons-logging-1.2.jar;C:\Users\User\.m2\repository\org\apache\commons\commons-configuration2\2.7\commons-configuration2-2.7.jar;C:\Users\User\.m2\repository\org\apache\commons\commons-text\1.8\commons-text-1.8.jar;C:\Users\User\.m2\repository\org\freemarker\freemarker\2.3.31\freemarker-2.3.31.jar;C:\Users\User\.m2\repository\org\skyscreamer\jsonassert\1.5.0\jsonassert-1.5.0.jar;C:\Users\User\.m2\repository\ognl\ognl\3.3.2\ognl-3.3.2.jar;C:\Users\User\.m2\repository\org\javassist\javassist\3.28.0-GA\javassist-3.28.0-GA.jar;C:\Users\User\.m2\repository\org\xmlunit\xmlunit-assertj3\2.8.2\xmlunit-assertj3-2.8.2.jar;C:\Users\User\.m2\repository\org\xmlunit\xmlunit-core\2.8.2\xmlunit-core-2.8.2.jar;C:\Users\User\.m2\repository\org\assertj\assertj-core\3.18.1\assertj-core-3.18.1.jar;C:\Users\User\.m2\repository\io\rest-assured\json-schema-validator\4.3.0\json-schema-validator-4.3.0.jar;C:\Users\User\.m2\repository\com\github\java-json-tools\json-schema-validator\2.2.10\json-schema-validator-2.2.10.jar;C:\Users\User\.m2\repository\com\github\java-json-tools\json-schema-core\1.2.10\json-schema-core-1.2.10.jar;C:\Users\User\.m2\repository\com\github\java-json-tools\jackson-coreutils\1.9\jackson-coreutils-1.9.jar;C:\Users\User\.m2\repository\com\github\fge\msg-simple\1.1\msg-simple-1.1.jar;C:\Users\User\.m2\repository\com\github\fge\btf\1.2\btf-1.2.jar;C:\Users\User\.m2\repository\com\github\fge\uri-template\0.9\uri-template-0.9.jar;C:\Users\User\.m2\repository\org\mozilla\rhino\1.7.7.1\rhino-1.7.7.1.jar;C:\Users\User\.m2\repository\javax\mail\mailapi\1.4.3\mailapi-1.4.3.jar;C:\Users\User\.m2\repository\com\googlecode\libphonenumber\libphonenumber\8.0.0\libphonenumber-8.0.0.jar;C:\Users\User\.m2\repository\net\sf\jopt-simple\jopt-simple\5.0.3\jopt-simple-5.0.3.jar;C:\Users\User\.m2\repository\org\everit\json\org.everit.json.schema\1.5.1\org.everit.json.schema-1.5.1.jar;C:\Users\User\.m2\repository\org\json\json\20160810\json-20160810.jar;C:\Users\User\.m2\repository\com\jayway\jsonpath\json-path\2.5.0\json-path-2.5.0.jar;C:\Users\User\.m2\repository\net\minidev\json-smart\2.3\json-smart-2.3.jar;C:\Users\User\.m2\repository\net\minidev\accessors-smart\1.2\accessors-smart-1.2.jar;C:\Users\User\.m2\repository\com\qaprosoft\carina-reporting\7.4.26\carina-reporting-7.4.26.jar;C:\Users\User\.m2\repository\com\qaprosoft\carina-webdriver\7.4.26\carina-webdriver-7.4.26.jar;C:\Users\User\.m2\repository\org\seleniumhq\selenium\selenium-firefox-driver\3.141.59\selenium-firefox-driver-3.141.59.jar;C:\Users\User\.m2\repository\org\seleniumhq\selenium\selenium-chrome-driver\3.141.59\selenium-chrome-driver-3.141.59.jar;C:\Users\User\.m2\repository\ru\yandex\qatools\ashot\ashot\1.5.4\ashot-1.5.4.jar;C:\Users\User\.m2\repository\com\itextpdf\itextpdf\5.5.13.2\itextpdf-5.5.13.2.jar;C:\Users\User\.m2\repository\org\reflections\reflections\0.9.10\reflections-0.9.10.jar;C:\Users\User\.m2\repository\com\google\code\findbugs\annotations\2.0.1\annotations-2.0.1.jar;C:\Users\User\.m2\repository\com\sun\jersey\jersey-core\1.19.4\jersey-core-1.19.4.jar;C:\Users\User\.m2\repository\javax\ws\rs\jsr311-api\1.1.1\jsr311-api-1.1.1.jar;C:\Users\User\.m2\repository\org\hamcrest\hamcrest-core\1.3\hamcrest-core-1.3.jar;C:\Users\User\.m2\repository\org\hamcrest\hamcrest-all\1.3\hamcrest-all-1.3.jar;C:\Users\User\.m2\repository\com\qaprosoft\carina-appcenter\7.4.26\carina-appcenter-7.4.26.jar;C:\Users\User\.m2\repository\org\springframework\spring-web\5.3.19\spring-web-5.3.19.jar;C:\Users\User\.m2\repository\org\springframework\spring-beans\5.3.19\spring-beans-5.3.19.jar;C:\Users\User\.m2\repository\org\springframework\spring-core\5.3.19\spring-core-5.3.19.jar;C:\Users\User\.m2\repository\org\springframework\spring-jcl\5.3.19\spring-jcl-5.3.19.jar;C:\Users\User\.m2\repository\com\google\guava\guava\29.0-jre\guava-29.0-jre.jar;C:\Users\User\.m2\repository\com\google\guava\failureaccess\1.0.1\failureaccess-1.0.1.jar;C:\Users\User\.m2\repository\com\google\guava\listenablefuture\9999.0-empty-to-avoid-conflict-with-guava\listenablefuture-9999.0-empty-to-avoid-conflict-with-guava.jar;C:\Users\User\.m2\repository\com\google\errorprone\error_prone_annotations\2.3.4\error_prone_annotations-2.3.4.jar;C:\Users\User\.m2\repository\com\google\j2objc\j2objc-annotations\1.3\j2objc-annotations-1.3.jar;C:\Users\User\.m2\repository\com\qaprosoft\carina-aws-s3\7.4.26\carina-aws-s3-7.4.26.jar;C:\Users\User\.m2\repository\com\amazonaws\aws-java-sdk-core\1.11.923\aws-java-sdk-core-1.11.923.jar;C:\Users\User\.m2\repository\software\amazon\ion\ion-java\1.0.2\ion-java-1.0.2.jar;C:\Users\User\.m2\repository\com\fasterxml\jackson\dataformat\jackson-dataformat-cbor\2.6.7\jackson-dataformat-cbor-2.6.7.jar;C:\Users\User\.m2\repository\com\qaprosoft\carina-proxy\7.4.26\carina-proxy-7.4.26.jar;C:\Users\User\.m2\repository\net\lightbody\bmp\browsermob-core\2.1.5\browsermob-core-2.1.5.jar;C:\Users\User\.m2\repository\net\lightbody\bmp\littleproxy\1.1.0-beta-bmp-17\littleproxy-1.1.0-beta-bmp-17.jar;C:\Users\User\.m2\repository\dnsjava\dnsjava\2.1.8\dnsjava-2.1.8.jar;C:\Users\User\.m2\repository\org\slf4j\jcl-over-slf4j\1.7.25\jcl-over-slf4j-1.7.25.jar;C:\Users\User\.m2\repository\com\jcraft\jzlib\1.1.3\jzlib-1.1.3.jar;C:\Users\User\.m2\repository\org\bouncycastle\bcprov-jdk15on\1.58\bcprov-jdk15on-1.58.jar;C:\Users\User\.m2\repository\org\bouncycastle\bcpkix-jdk15on\1.58\bcpkix-jdk15on-1.58.jar;C:\Users\User\.m2\repository\net\lightbody\bmp\mitm\2.1.5\mitm-2.1.5.jar;C:\Users\User\.m2\repository\io\netty\netty-all\4.1.42.Final\netty-all-4.1.42.Final.jar;C:\Users\User\.m2\repository\org\apache\commons\commons-lang3\3.5\commons-lang3-3.5.jar;C:\Users\User\.m2\repository\commons-collections\commons-collections\3.2.2\commons-collections-3.2.2.jar;C:\Users\User\.m2\repository\org\seleniumhq\selenium\selenium-support\3.141.59\selenium-support-3.141.59.jar;C:\Users\User\.m2\repository\org\apache\commons\commons-exec\1.3\commons-exec-1.3.jar;C:\Users\User\.m2\repository\com\squareup\okhttp3\okhttp\3.11.0\okhttp-3.11.0.jar;C:\Users\User\.m2\repository\com\squareup\okio\okio\1.14.0\okio-1.14.0.jar;C:\Users\User\.m2\repository\com\amazonaws\aws-java-sdk-s3\1.11.923\aws-java-sdk-s3-1.11.923.jar;C:\Users\User\.m2\repository\org\testng\testng\7.5\testng-7.5.jar;C:\Users\User\.m2\repository\com\google\code\findbugs\jsr305\3.0.1\jsr305-3.0.1.jar;C:\Users\User\.m2\repository\com\beust\jcommander\1.78\jcommander-1.78.jar;C:\Users\User\.m2\repository\org\webjars\jquery\3.5.1\jquery-3.5.1.jar;C:\Users\User\.m2\repository\com\nordstrom\tools\testng-foundation\2.0.1\testng-foundation-2.0.1.jar;C:\Users\User\.m2\repository\com\nordstrom\tools\java-utils\1.9.3\java-utils-1.9.3.jar;C:\Users\User\.m2\repository\com\nordstrom\tools\settings\2.3.3\settings-2.3.3.jar;C:\Users\User\.m2\repository\commons-beanutils\commons-beanutils\1.9.4\commons-beanutils-1.9.4.jar;C:\Users\User\.m2\repository\io\appium\java-client\7.6.0\java-client-7.6.0.jar;C:\Users\User\.m2\repository\org\seleniumhq\selenium\selenium-java\3.141.59\selenium-java-3.141.59.jar;C:\Users\User\.m2\repository\org\seleniumhq\selenium\selenium-edge-driver\3.141.59\selenium-edge-driver-3.141.59.jar;C:\Users\User\.m2\repository\org\seleniumhq\selenium\selenium-ie-driver\3.141.59\selenium-ie-driver-3.141.59.jar;C:\Users\User\.m2\repository\org\seleniumhq\selenium\selenium-opera-driver\3.141.59\selenium-opera-driver-3.141.59.jar;C:\Users\User\.m2\repository\org\seleniumhq\selenium\selenium-safari-driver\3.141.59\selenium-safari-driver-3.141.59.jar;C:\Users\User\.m2\repository\cglib\cglib\3.3.0\cglib-3.3.0.jar;C:\Users\User\.m2\repository\org\ow2\asm\asm\7.1\asm-7.1.jar;C:\Users\User\.m2\repository\commons-validator\commons-validator\1.7\commons-validator-1.7.jar;C:\Users\User\.m2\repository\commons-digester\commons-digester\2.1\commons-digester-2.1.jar;C:\Users\User\.m2\repository\org\aspectj\aspectjweaver\1.9.7\aspectjweaver-1.9.7.jar;C:\Users\User\.m2\repository\com\qaprosoft\carina-azure\7.4.26\carina-azure-7.4.26.jar;C:\Users\User\.m2\repository\com\azure\azure-storage-blob\12.7.0\azure-storage-blob-12.7.0.jar;C:\Users\User\.m2\repository\com\azure\azure-core\1.5.1\azure-core-1.5.1.jar;C:\Users\User\.m2\repository\com\fasterxml\jackson\datatype\jackson-datatype-jsr310\2.10.1\jackson-datatype-jsr310-2.10.1.jar;C:\Users\User\.m2\repository\com\fasterxml\jackson\dataformat\jackson-dataformat-xml\2.10.1\jackson-dataformat-xml-2.10.1.jar;C:\Users\User\.m2\repository\com\fasterxml\jackson\module\jackson-module-jaxb-annotations\2.10.1\jackson-module-jaxb-annotations-2.10.1.jar;C:\Users\User\.m2\repository\org\codehaus\woodstox\stax2-api\4.2\stax2-api-4.2.jar;C:\Users\User\.m2\repository\com\fasterxml\woodstox\woodstox-core\6.0.2\woodstox-core-6.0.2.jar;C:\Users\User\.m2\repository\io\projectreactor\reactor-core\3.3.5.RELEASE\reactor-core-3.3.5.RELEASE.jar;C:\Users\User\.m2\repository\org\reactivestreams\reactive-streams\1.0.3\reactive-streams-1.0.3.jar;C:\Users\User\.m2\repository\io\netty\netty-tcnative-boringssl-static\2.0.29.Final\netty-tcnative-boringssl-static-2.0.29.Final.jar;C:\Users\User\.m2\repository\com\azure\azure-storage-common\12.7.0\azure-storage-common-12.7.0.jar;C:\Users\User\.m2\repository\com\azure\azure-core-http-netty\1.5.2\azure-core-http-netty-1.5.2.jar;C:\Users\User\.m2\repository\io\netty\netty-handler\4.1.49.Final\netty-handler-4.1.49.Final.jar;C:\Users\User\.m2\repository\io\netty\netty-common\4.1.49.Final\netty-common-4.1.49.Final.jar;C:\Users\User\.m2\repository\io\netty\netty-resolver\4.1.49.Final\netty-resolver-4.1.49.Final.jar;C:\Users\User\.m2\repository\io\netty\netty-transport\4.1.49.Final\netty-transport-4.1.49.Final.jar;C:\Users\User\.m2\repository\io\netty\netty-codec\4.1.49.Final\netty-codec-4.1.49.Final.jar;C:\Users\User\.m2\repository\io\netty\netty-handler-proxy\4.1.49.Final\netty-handler-proxy-4.1.49.Final.jar;C:\Users\User\.m2\repository\io\netty\netty-codec-socks\4.1.49.Final\netty-codec-socks-4.1.49.Final.jar;C:\Users\User\.m2\repository\io\netty\netty-buffer\4.1.49.Final\netty-buffer-4.1.49.Final.jar;C:\Users\User\.m2\repository\io\netty\netty-codec-http\4.1.49.Final\netty-codec-http-4.1.49.Final.jar;C:\Users\User\.m2\repository\io\netty\netty-codec-http2\4.1.49.Final\netty-codec-http2-4.1.49.Final.jar;C:\Users\User\.m2\repository\io\netty\netty-transport-native-unix-common\4.1.49.Final\netty-transport-native-unix-common-4.1.49.Final.jar;C:\Users\User\.m2\repository\io\netty\netty-transport-native-epoll\4.1.49.Final\netty-transport-native-epoll-4.1.49.Final-linux-x86_64.jar;C:\Users\User\.m2\repository\io\projectreactor\netty\reactor-netty\0.9.7.RELEASE\reactor-netty-0.9.7.RELEASE.jar;C:\Users\User\.m2\repository\org\slf4j\slf4j-api\1.7.30\slf4j-api-1.7.30.jar;C:\Users\User\.m2\repository\org\apache\logging\log4j\log4j-api\2.17.1\log4j-api-2.17.1.jar;C:\Users\User\.m2\repository\org\apache\logging\log4j\log4j-core\2.17.1\log4j-core-2.17.1.jar;C:\Users\User\.m2\repository\net\bytebuddy\byte-buddy\1.10.18\byte-buddy-1.10.18.jar;C:\Users\User\.m2\repository\org\mybatis\mybatis\3.5.6\mybatis-3.5.6.jar;C:\Users\User\.m2\repository\org\postgresql\postgresql\42.3.3\postgresql-42.3.3.jar;C:\Users\User\.m2\repository\org\checkerframework\checker-qual\3.5.0\checker-qual-3.5.0.jar;"/>
    <property name="sun.cpu.endian" value="little"/>
    <property name="user.home" value="C:\Users\User"/>
    <property name="user.language" value="uk"/>
    <property name="java.specification.vendor" value="Oracle Corporation"/>
    <property name="java.version.date" value="2022-04-19"/>
    <property name="java.home" value="C:\Java\jdk-11.0.15"/>
    <property name="file.separator" value="\"/>
    <property name="basedir" value="C:\Users\User\Documents\GitHub\project-qa"/>
    <property name="java.vm.compressedOopsMode" value="32-bit"/>
    <property name="line.separator" value="&#10;"/>
    <property name="java.specification.name" value="Java Platform API Specification"/>
    <property name="java.vm.specification.vendor" value="Oracle Corporation"/>
    <property name="java.awt.graphicsenv" value="sun.awt.Win32GraphicsEnvironment"/>
    <property name="user.script" value=""/>
    <property name="sun.management.compiler" value="HotSpot 64-Bit Tiered Compilers"/>
    <property name="java.runtime.version" value="11.0.15+8-LTS-149"/>
    <property name="user.name" value="User"/>
    <property name="path.separator" value=";"/>
    <property name="os.version" value="10.0"/>
    <property name="java.runtime.name" value="Java(TM) SE Runtime Environment"/>
    <property name="file.encoding" value="Cp1251"/>
    <property name="java.vm.name" value="Java HotSpot(TM) 64-Bit Server VM"/>
    <property name="java.vendor.version" value="18.9"/>
    <property name="localRepository" value="C:\Users\User\.m2\repository"/>
    <property name="java.vendor.url.bug" value="https://bugreport.java.com/bugreport/"/>
    <property name="java.io.tmpdir" value="C:\Users\User\AppData\Local\Temp\"/>
    <property name="java.version" value="11.0.15"/>
    <property name="user.dir" value="C:\Users\User\Documents\GitHub\project-qa"/>
    <property name="os.arch" value="amd64"/>
    <property name="java.vm.specification.name" value="Java Virtual Machine Specification"/>
    <property name="java.awt.printerjob" value="sun.awt.windows.WPrinterJob"/>
    <property name="sun.os.patch.level" value=""/>
    <property name="java.library.path" value="C:\Java\jdk-11.0.15\bin;C:\WINDOWS\Sun\Java\bin;C:\WINDOWS\system32;C:\WINDOWS;C:\Program Files\Microsoft MPI\Bin\;C:\WINDOWS\system32;C:\WINDOWS;C:\WINDOWS\System32\Wbem;C:\WINDOWS\System32\WindowsPowerShell\v1.0\;C:\Program Files\MATLAB\R2022a\runtime\win64;C:\Program Files\MATLAB\R2022a\bin;C:\WINDOWS\System32\OpenSSH\;C:\Java\jdk-11.0.15\bin;C:\Program Files\Git\cmd;C:\Maven\apache-maven-3.8.6\bin;C:\Program Files (x86)\Microsoft SQL Server\150\Tools\Binn\;C:\Program Files\Microsoft SQL Server\150\Tools\Binn\;C:\Program Files (x86)\Microsoft SQL Server\150\DTS\Binn\;C:\Program Files\Microsoft SQL Server\150\DTS\Binn\;C:\Program Files\Microsoft SQL Server\Client SDK\ODBC\170\Tools\Binn\;C:\Program Files\Azure Data Studio\bin;C:\webdrivers;C:\Program Files\MySQL\MySQL Shell 8.0\bin\;C:\Python\Scripts\;C:\Python\;C:\Users\User\AppData\Local\Microsoft\WindowsApps;D:\IntelliJ\IntelliJ IDEA Community Edition 2022.1.3\bin;;C:\Users\User\AppData\Local\GitHubDesktop\bin;C:\Program Files\Azure Data Studio\bin;."/>
    <property name="suite" value="my_suite"/>
    <property name="java.vendor" value="Oracle Corporation"/>
    <property name="java.vm.info" value="mixed mode"/>
    <property name="java.vm.version" value="11.0.15+8-LTS-149"/>
    <property name="sun.io.unicode.encoding" value="UnicodeLittle"/>
    <property name="java.class.version" value="55.0"/>
  </properties>
  <testcase name="testNegativeLogIn[, , Заповніть це поле., Заповніть це поле.](1)" classname="com.solvd.carina.demo.my_test_cases.LogInTestCases" time="93.005">
    <system-out><![CDATA[2022-11-01 21:49:49 CarinaListener [main] [INFO] 
============= Test configuration =============
url=https://www.gsmarena.com
env=DEMO
selenium_url=http://localhost:4444/wd/hub
auto_screenshot=true
project_report_directory=./reports
max_screen_history=10
localization_encoding=UTF-8
selenium_url=http://localhost:4444/wd/hub

------------- Driver capabilities -----------
capabilities.browserName=chrome
================================================

2022-11-01 21:49:49 TestRunRegistrar [main-1] [WARN] Reporting disabled: using no op test run registrar
2022-11-01 21:49:51 Reflections [main-1] [INFO] Reflections took 1490 ms to scan 11 urls, producing 2605 keys and 12725 values 
2022-11-01 21:49:51 CarinaListener [main-1] [INFO] Use thread-count='5' from suite file.
2022-11-01 21:49:51 CarinaListener [main-1] [INFO] Set data-provider-thread-count=1
2022-11-01 21:49:51 CarinaListener [main-1] [INFO] CARINA_CORE_VERSION: 7.4.26
2022-11-01 21:49:51 TestRunRegistrar [TestNG-test=LogIn-1] [WARN] Reporting disabled: using no op test run registrar
2022-11-01 21:49:51 Messager [TestNG-test=LogIn-1-21] [INFO] TEST [LogIn - testLogInWindow] STARTED at [21:49:51 2022-11-01]
2022-11-01 21:49:51 TestRunRegistrar [TestNG-test=LogIn-2] [WARN] Reporting disabled: using no op test run registrar
2022-11-01 21:49:51 Messager [TestNG-test=LogIn-2-22] [INFO] TEST [LogIn - testNegativeLogIn [L01]] STARTED at [21:49:51 2022-11-01]
2022-11-01 21:49:51 DriverFactory [TestNG-test=LogIn-2-22] [INFO] Starting driver session...
2022-11-01 21:49:51 DriverFactory [TestNG-test=LogIn-1-21] [INFO] Starting driver session...
2022-11-01 21:50:07 DriverFactory [TestNG-test=LogIn-1-21] [INFO] Driver session started.
2022-11-01 21:50:08 Messager [TestNG-test=LogIn-1-21] [INFO] INFO: opening url 'https://www.gsmarena.com'
2022-11-01 21:50:09 DriverFactory [TestNG-test=LogIn-2-22] [INFO] Driver session started.
2022-11-01 21:50:09 Messager [TestNG-test=LogIn-2-22] [INFO] INFO: opening url 'https://www.gsmarena.com'
2022-11-01 21:50:10 DriverListener [TestNG-test=LogIn-1-21] [INFO] INFO: url 'https://www.gsmarena.com' is opened.
2022-11-01 21:50:11 DriverListener [TestNG-test=LogIn-2-22] [INFO] INFO: url 'https://www.gsmarena.com' is opened.
2022-11-01 21:51:03 DriverListener [TestNG-test=LogIn-1-21] [INFO] PASS: element 'logInButton' is clicked.
2022-11-01 21:51:03 DriverListener [TestNG-test=LogIn-2-22] [INFO] PASS: element 'logInButton' is clicked.
2022-11-01 21:51:07 DriverListener [TestNG-test=LogIn-2-22] [INFO] PASS: keys cleared in element 'emailField'.
2022-11-01 21:51:08 DriverListener [TestNG-test=LogIn-1-21] [INFO] PASS: keys cleared in element 'emailField'.
2022-11-01 21:51:09 DriverListener [TestNG-test=LogIn-2-22] [INFO] PASS: keys '' are sent to element 'emailField'.
2022-11-01 21:51:10 DriverListener [TestNG-test=LogIn-1-21] [INFO] PASS: keys 'sefshgnkkd@gmail.com' are sent to element 'emailField'.
2022-11-01 21:51:12 DriverListener [TestNG-test=LogIn-1-21] [INFO] PASS: keys cleared in element 'emailField'.
2022-11-01 21:51:12 DriverListener [TestNG-test=LogIn-2-22] [INFO] PASS: keys cleared in element 'passwordField'.
2022-11-01 21:51:14 DriverListener [TestNG-test=LogIn-1-21] [INFO] PASS: keys '' are sent to element 'emailField'.
2022-11-01 21:51:14 DriverListener [TestNG-test=LogIn-2-22] [INFO] PASS: keys '' are sent to element 'passwordField'.
2022-11-01 21:51:16 DriverListener [TestNG-test=LogIn-1-21] [INFO] PASS: keys cleared in element 'passwordField'.
2022-11-01 21:51:17 DriverListener [TestNG-test=LogIn-2-22] [INFO] PASS: element 'logInButton' is clicked.
2022-11-01 21:51:19 DriverListener [TestNG-test=LogIn-1-21] [INFO] PASS: keys 'qwxriihku' are sent to element 'passwordField'.
2022-11-01 21:51:23 DriverListener [TestNG-test=LogIn-1-21] [INFO] PASS: keys cleared in element 'passwordField'.
2022-11-01 21:51:24 Messager [TestNG-test=LogIn-2-22] [INFO] TEST [LogIn - testNegativeLogIn [L01]] PASSED at [21:51:24 2022-11-01]
]]></system-out>
    <system-err><![CDATA[лист. 01, 2022 9:50:07 ПП org.openqa.selenium.remote.ProtocolHandshake createSession
INFO: Detected dialect: W3C
лист. 01, 2022 9:50:09 ПП org.openqa.selenium.remote.ProtocolHandshake createSession
INFO: Detected dialect: W3C
]]></system-err>
  </testcase>
  <testcase name="testLogInWindow" classname="com.solvd.carina.demo.my_test_cases.LogInTestCases" time="13.267">
    <system-out><![CDATA[2022-11-01 21:51:24 Messager [TestNG-test=LogIn-2-22] [INFO] TEST [LogIn - testNegativeLogIn [L02]] STARTED at [21:51:24 2022-11-01]
2022-11-01 21:51:24 DriverFactory [TestNG-test=LogIn-2-22] [INFO] Starting driver session...
2022-11-01 21:51:25 DriverListener [TestNG-test=LogIn-1-21] [INFO] PASS: keys '' are sent to element 'passwordField'.
2022-11-01 21:51:28 DriverListener [TestNG-test=LogIn-1-21] [INFO] PASS: element 'logInButton' is clicked.
2022-11-01 21:51:31 LogInTestCases [TestNG-test=LogIn-1-21] [INFO] #d50000
2022-11-01 21:51:33 DriverListener [TestNG-test=LogIn-1-21] [INFO] PASS: element 'forgotPasswordButton' is clicked.
2022-11-01 21:51:34 Messager [TestNG-test=LogIn-1-21] [ERROR] FAIL: wrong URL, expected 'https://www.gsmarena.com/' but actual 'https://www.gsmarena.com/forgot.php3'!
2022-11-01 21:51:37 Messager [TestNG-test=LogIn-1-21] [INFO] TEST [LogIn - testLogInWindow] PASSED at [21:51:37 2022-11-01]
]]></system-out>
  </testcase>
  <testcase name="testNegativeLogIn[incorrectEmail@gmailcom, , , Заповніть це поле.](2)" classname="com.solvd.carina.demo.my_test_cases.LogInTestCases" time="55.199">
    <system-out><![CDATA[2022-11-01 21:51:40 DriverFactory [TestNG-test=LogIn-2-22] [INFO] Driver session started.
2022-11-01 21:51:40 Messager [TestNG-test=LogIn-2-22] [INFO] INFO: opening url 'https://www.gsmarena.com'
2022-11-01 21:51:45 DriverListener [TestNG-test=LogIn-2-22] [INFO] INFO: url 'https://www.gsmarena.com' is opened.
2022-11-01 21:52:08 DriverListener [TestNG-test=LogIn-2-22] [INFO] PASS: element 'logInButton' is clicked.
2022-11-01 21:52:10 DriverListener [TestNG-test=LogIn-2-22] [INFO] PASS: keys cleared in element 'emailField'.
2022-11-01 21:52:11 DriverListener [TestNG-test=LogIn-2-22] [INFO] PASS: keys 'incorrectEmail@gmailcom' are sent to element 'emailField'.
2022-11-01 21:52:13 DriverListener [TestNG-test=LogIn-2-22] [INFO] PASS: keys cleared in element 'passwordField'.
2022-11-01 21:52:14 DriverListener [TestNG-test=LogIn-2-22] [INFO] PASS: keys '' are sent to element 'passwordField'.
2022-11-01 21:52:16 DriverListener [TestNG-test=LogIn-2-22] [INFO] PASS: element 'logInButton' is clicked.
2022-11-01 21:52:19 Messager [TestNG-test=LogIn-2-22] [INFO] TEST [LogIn - testNegativeLogIn [L02]] PASSED at [21:52:19 2022-11-01]
]]></system-out>
    <system-err><![CDATA[лист. 01, 2022 9:51:39 ПП org.openqa.selenium.remote.ProtocolHandshake createSession
INFO: Detected dialect: W3C
]]></system-err>
  </testcase>
  <testcase name="testNegativeLogIn[, qwe, Заповніть це поле., Виберіть потрібний формат.](3)" classname="com.solvd.carina.demo.my_test_cases.LogInTestCases" time="45.185">
    <system-out><![CDATA[2022-11-01 21:52:19 Messager [TestNG-test=LogIn-2-22] [INFO] TEST [LogIn - testNegativeLogIn [L03]] STARTED at [21:52:19 2022-11-01]
2022-11-01 21:52:19 DriverFactory [TestNG-test=LogIn-2-22] [INFO] Starting driver session...
2022-11-01 21:52:22 DriverFactory [TestNG-test=LogIn-2-22] [INFO] Driver session started.
2022-11-01 21:52:22 Messager [TestNG-test=LogIn-2-22] [INFO] INFO: opening url 'https://www.gsmarena.com'
2022-11-01 21:52:24 DriverListener [TestNG-test=LogIn-2-22] [INFO] INFO: url 'https://www.gsmarena.com' is opened.
2022-11-01 21:52:55 DriverListener [TestNG-test=LogIn-2-22] [INFO] PASS: element 'logInButton' is clicked.
2022-11-01 21:52:57 DriverListener [TestNG-test=LogIn-2-22] [INFO] PASS: keys cleared in element 'emailField'.
2022-11-01 21:52:58 DriverListener [TestNG-test=LogIn-2-22] [INFO] PASS: keys '' are sent to element 'emailField'.
2022-11-01 21:52:59 DriverListener [TestNG-test=LogIn-2-22] [INFO] PASS: keys cleared in element 'passwordField'.
2022-11-01 21:53:01 DriverListener [TestNG-test=LogIn-2-22] [INFO] PASS: keys 'qwe' are sent to element 'passwordField'.
2022-11-01 21:53:02 DriverListener [TestNG-test=LogIn-2-22] [INFO] PASS: element 'logInButton' is clicked.
2022-11-01 21:53:05 Messager [TestNG-test=LogIn-2-22] [INFO] TEST [LogIn - testNegativeLogIn [L03]] PASSED at [21:53:05 2022-11-01]
]]></system-out>
    <system-err><![CDATA[лист. 01, 2022 9:52:22 ПП org.openqa.selenium.remote.ProtocolHandshake createSession
INFO: Detected dialect: W3C
]]></system-err>
  </testcase>
  <testcase name="testNegativeLogIn[incorrectEmail@, qwe, Введіть частину електронної адреси після знака &quot;@&quot;. Електронна адреса &quot;incorrectEmail@&quot; неповна., Виберіть потрібний формат.](4)" classname="com.solvd.carina.demo.my_test_cases.LogInTestCases" time="43.17">
    <system-out><![CDATA[2022-11-01 21:53:05 Messager [TestNG-test=LogIn-2-22] [INFO] TEST [LogIn - testNegativeLogIn [L04]] STARTED at [21:53:05 2022-11-01]
2022-11-01 21:53:05 DriverFactory [TestNG-test=LogIn-2-22] [INFO] Starting driver session...
2022-11-01 21:53:07 DriverFactory [TestNG-test=LogIn-2-22] [INFO] Driver session started.
2022-11-01 21:53:07 Messager [TestNG-test=LogIn-2-22] [INFO] INFO: opening url 'https://www.gsmarena.com'
2022-11-01 21:53:08 DriverListener [TestNG-test=LogIn-2-22] [INFO] INFO: url 'https://www.gsmarena.com' is opened.
2022-11-01 21:53:38 DriverListener [TestNG-test=LogIn-2-22] [INFO] PASS: element 'logInButton' is clicked.
2022-11-01 21:53:40 DriverListener [TestNG-test=LogIn-2-22] [INFO] PASS: keys cleared in element 'emailField'.
2022-11-01 21:53:41 DriverListener [TestNG-test=LogIn-2-22] [INFO] PASS: keys 'incorrectEmail@' are sent to element 'emailField'.
2022-11-01 21:53:42 DriverListener [TestNG-test=LogIn-2-22] [INFO] PASS: keys cleared in element 'passwordField'.
2022-11-01 21:53:44 DriverListener [TestNG-test=LogIn-2-22] [INFO] PASS: keys 'qwe' are sent to element 'passwordField'.
2022-11-01 21:53:45 DriverListener [TestNG-test=LogIn-2-22] [INFO] PASS: element 'logInButton' is clicked.
2022-11-01 21:53:48 Messager [TestNG-test=LogIn-2-22] [INFO] TEST [LogIn - testNegativeLogIn [L04]] PASSED at [21:53:48 2022-11-01]
]]></system-out>
    <system-err><![CDATA[лист. 01, 2022 9:53:07 ПП org.openqa.selenium.remote.ProtocolHandshake createSession
INFO: Detected dialect: W3C
]]></system-err>
  </testcase>
  <testcase name="testNegativeLogIn[correctEmailgmail.com, C0r3ktP4SS, Електронна адреса має містити знак &quot;@&quot;. В електронній адресі &quot;correctEmailgmail.com&quot; знака &quot;@&quot; немає., ](5)" classname="com.solvd.carina.demo.my_test_cases.LogInTestCases" time="46.563">
    <system-out><![CDATA[2022-11-01 21:53:48 Messager [TestNG-test=LogIn-2-22] [INFO] TEST [LogIn - testNegativeLogIn [L05]] STARTED at [21:53:48 2022-11-01]
2022-11-01 21:53:48 DriverFactory [TestNG-test=LogIn-2-22] [INFO] Starting driver session...
2022-11-01 21:53:52 DriverFactory [TestNG-test=LogIn-2-22] [INFO] Driver session started.
2022-11-01 21:53:52 Messager [TestNG-test=LogIn-2-22] [INFO] INFO: opening url 'https://www.gsmarena.com'
2022-11-01 21:53:53 DriverListener [TestNG-test=LogIn-2-22] [INFO] INFO: url 'https://www.gsmarena.com' is opened.
2022-11-01 21:54:24 DriverListener [TestNG-test=LogIn-2-22] [INFO] PASS: element 'logInButton' is clicked.
2022-11-01 21:54:26 DriverListener [TestNG-test=LogIn-2-22] [INFO] PASS: keys cleared in element 'emailField'.
2022-11-01 21:54:27 DriverListener [TestNG-test=LogIn-2-22] [INFO] PASS: keys 'correctEmailgmail.com' are sent to element 'emailField'.
2022-11-01 21:54:29 DriverListener [TestNG-test=LogIn-2-22] [INFO] PASS: keys cleared in element 'passwordField'.
2022-11-01 21:54:30 DriverListener [TestNG-test=LogIn-2-22] [INFO] PASS: keys 'C0r3ktP4SS' are sent to element 'passwordField'.
2022-11-01 21:54:32 DriverListener [TestNG-test=LogIn-2-22] [INFO] PASS: element 'logInButton' is clicked.
2022-11-01 21:54:34 Messager [TestNG-test=LogIn-2-22] [INFO] TEST [LogIn - testNegativeLogIn [L05]] PASSED at [21:54:34 2022-11-01]
]]></system-out>
    <system-err><![CDATA[лист. 01, 2022 9:53:52 ПП org.openqa.selenium.remote.ProtocolHandshake createSession
INFO: Detected dialect: W3C
]]></system-err>
  </testcase>
  <testcase name="testNegativeLogIn[correctEmail@gmail.com, qwe, , Виберіть потрібний формат.](6)" classname="com.solvd.carina.demo.my_test_cases.LogInTestCases" time="37.09">
    <system-out><![CDATA[2022-11-01 21:54:34 Messager [TestNG-test=LogIn-2-22] [INFO] TEST [LogIn - testNegativeLogIn [L06]] STARTED at [21:54:34 2022-11-01]
2022-11-01 21:54:34 DriverFactory [TestNG-test=LogIn-2-22] [INFO] Starting driver session...
2022-11-01 21:54:37 DriverFactory [TestNG-test=LogIn-2-22] [INFO] Driver session started.
2022-11-01 21:54:37 Messager [TestNG-test=LogIn-2-22] [INFO] INFO: opening url 'https://www.gsmarena.com'
2022-11-01 21:54:39 DriverListener [TestNG-test=LogIn-2-22] [INFO] INFO: url 'https://www.gsmarena.com' is opened.
2022-11-01 21:55:02 DriverListener [TestNG-test=LogIn-2-22] [INFO] PASS: element 'logInButton' is clicked.
2022-11-01 21:55:03 DriverListener [TestNG-test=LogIn-2-22] [INFO] PASS: keys cleared in element 'emailField'.
2022-11-01 21:55:04 DriverListener [TestNG-test=LogIn-2-22] [INFO] PASS: keys 'correctEmail@gmail.com' are sent to element 'emailField'.
2022-11-01 21:55:06 DriverListener [TestNG-test=LogIn-2-22] [INFO] PASS: keys cleared in element 'passwordField'.
2022-11-01 21:55:07 DriverListener [TestNG-test=LogIn-2-22] [INFO] PASS: keys 'qwe' are sent to element 'passwordField'.
2022-11-01 21:55:08 DriverListener [TestNG-test=LogIn-2-22] [INFO] PASS: element 'logInButton' is clicked.
2022-11-01 21:55:11 Messager [TestNG-test=LogIn-2-22] [INFO] TEST [LogIn - testNegativeLogIn [L06]] PASSED at [21:55:11 2022-11-01]
]]></system-out>
    <system-err><![CDATA[лист. 01, 2022 9:54:37 ПП org.openqa.selenium.remote.ProtocolHandshake createSession
INFO: Detected dialect: W3C
]]></system-err>
  </testcase>
  <testcase name="testNegativeLogIn[@gmail.com, C0r3ktP4SS, Введіть частину електронної адреси до знака &quot;@&quot;. Електронна адреса &quot;@gmail.com&quot; неповна., ](7)" classname="com.solvd.carina.demo.my_test_cases.LogInTestCases" time="53.748">
    <system-out><![CDATA[2022-11-01 21:55:11 Messager [TestNG-test=LogIn-2-22] [INFO] TEST [LogIn - testNegativeLogIn [L07]] STARTED at [21:55:11 2022-11-01]
2022-11-01 21:55:11 DriverFactory [TestNG-test=LogIn-2-22] [INFO] Starting driver session...
2022-11-01 21:55:22 DriverFactory [TestNG-test=LogIn-2-22] [INFO] Driver session started.
2022-11-01 21:55:22 Messager [TestNG-test=LogIn-2-22] [INFO] INFO: opening url 'https://www.gsmarena.com'
2022-11-01 21:55:23 DriverListener [TestNG-test=LogIn-2-22] [INFO] INFO: url 'https://www.gsmarena.com' is opened.
2022-11-01 21:55:55 DriverListener [TestNG-test=LogIn-2-22] [INFO] PASS: element 'logInButton' is clicked.
2022-11-01 21:55:57 DriverListener [TestNG-test=LogIn-2-22] [INFO] PASS: keys cleared in element 'emailField'.
2022-11-01 21:55:58 DriverListener [TestNG-test=LogIn-2-22] [INFO] PASS: keys '@gmail.com' are sent to element 'emailField'.
2022-11-01 21:56:00 DriverListener [TestNG-test=LogIn-2-22] [INFO] PASS: keys cleared in element 'passwordField'.
2022-11-01 21:56:01 DriverListener [TestNG-test=LogIn-2-22] [INFO] PASS: keys 'C0r3ktP4SS' are sent to element 'passwordField'.
2022-11-01 21:56:02 DriverListener [TestNG-test=LogIn-2-22] [INFO] PASS: element 'logInButton' is clicked.
2022-11-01 21:56:05 Messager [TestNG-test=LogIn-2-22] [INFO] TEST [LogIn - testNegativeLogIn [L07]] PASSED at [21:56:05 2022-11-01]
]]></system-out>
    <system-err><![CDATA[лист. 01, 2022 9:55:22 ПП org.openqa.selenium.remote.ProtocolHandshake createSession
INFO: Detected dialect: W3C
]]></system-err>
  </testcase>
  <testcase name="testFooterMenu" classname="com.solvd.carina.demo.my_test_cases.FooterMenuTestCases" time="236.83">
    <system-out><![CDATA[2022-11-01 21:56:06 TestRunRegistrar [TestNG-test=Footer-1] [WARN] Reporting disabled: using no op test run registrar
2022-11-01 21:56:06 Messager [TestNG-test=Footer-1-38] [INFO] TEST [Footer - testFooterMenu] STARTED at [21:56:06 2022-11-01]
2022-11-01 21:56:06 DriverFactory [TestNG-test=Footer-1-38] [INFO] Starting driver session...
2022-11-01 21:56:07 DriverFactory [TestNG-test=Footer-1-38] [INFO] Driver session started.
2022-11-01 21:56:07 Messager [TestNG-test=Footer-1-38] [INFO] INFO: opening url 'https://www.gsmarena.com'
2022-11-01 21:56:08 DriverListener [TestNG-test=Footer-1-38] [INFO] INFO: url 'https://www.gsmarena.com' is opened.
2022-11-01 21:57:46 DriverListener [TestNG-test=Footer-1-38] [INFO] PASS: element 'homeButton' is clicked.
2022-11-01 21:58:14 DriverListener [TestNG-test=Footer-1-38] [INFO] PASS: element 'footerMenuButton[News]' is clicked.
2022-11-01 21:58:15 Messager [TestNG-test=Footer-1-38] [ERROR] FAIL: wrong URL, expected 'https://www.gsmarena.com/' but actual 'https://www.gsmarena.com/news.php3'!
2022-11-01 21:58:15 Messager [TestNG-test=Footer-1-38] [ERROR] FAIL: wrong URL, expected 'https://www.gsmarena.com/' but actual 'https://www.gsmarena.com/news.php3'!
2022-11-01 21:58:15 DriverListener [TestNG-test=Footer-1-38] [INFO] Navigated back
2022-11-01 21:58:20 Messager [TestNG-test=Footer-1-38] [INFO] INFO: navigate to previous page performed.
2022-11-01 21:58:22 DriverListener [TestNG-test=Footer-1-38] [INFO] PASS: element 'footerMenuButton[Reviews]' is clicked.
2022-11-01 21:58:25 Messager [TestNG-test=Footer-1-38] [ERROR] FAIL: wrong URL, expected 'https://www.gsmarena.com/' but actual 'https://www.gsmarena.com/reviews.php3'!
2022-11-01 21:58:25 Messager [TestNG-test=Footer-1-38] [ERROR] FAIL: wrong URL, expected 'https://www.gsmarena.com/' but actual 'https://www.gsmarena.com/reviews.php3'!
2022-11-01 21:58:25 DriverListener [TestNG-test=Footer-1-38] [INFO] Navigated back
2022-11-01 21:58:28 Messager [TestNG-test=Footer-1-38] [INFO] INFO: navigate to previous page performed.
2022-11-01 21:58:31 DriverListener [TestNG-test=Footer-1-38] [INFO] PASS: element 'footerMenuButton[Compare]' is clicked.
2022-11-01 21:58:33 Messager [TestNG-test=Footer-1-38] [ERROR] FAIL: wrong URL, expected 'https://www.gsmarena.com/' but actual 'https://www.gsmarena.com/compare.php3'!
2022-11-01 21:58:33 Messager [TestNG-test=Footer-1-38] [ERROR] FAIL: wrong URL, expected 'https://www.gsmarena.com/' but actual 'https://www.gsmarena.com/compare.php3'!
2022-11-01 21:58:33 DriverListener [TestNG-test=Footer-1-38] [INFO] Navigated back
2022-11-01 21:58:36 Messager [TestNG-test=Footer-1-38] [INFO] INFO: navigate to previous page performed.
2022-11-01 21:58:38 DriverListener [TestNG-test=Footer-1-38] [INFO] PASS: element 'footerMenuButton[Coverage]' is clicked.
2022-11-01 21:58:39 Messager [TestNG-test=Footer-1-38] [ERROR] FAIL: wrong URL, expected 'https://www.gsmarena.com/' but actual 'https://www.gsmarena.com/network-bands.php3'!
2022-11-01 21:58:39 Messager [TestNG-test=Footer-1-38] [ERROR] FAIL: wrong URL, expected 'https://www.gsmarena.com/' but actual 'https://www.gsmarena.com/network-bands.php3'!
2022-11-01 21:58:39 DriverListener [TestNG-test=Footer-1-38] [INFO] Navigated back
2022-11-01 21:58:42 Messager [TestNG-test=Footer-1-38] [INFO] INFO: navigate to previous page performed.
2022-11-01 21:58:45 DriverListener [TestNG-test=Footer-1-38] [INFO] PASS: element 'footerMenuButton[Glossary]' is clicked.
2022-11-01 21:58:46 Messager [TestNG-test=Footer-1-38] [ERROR] FAIL: wrong URL, expected 'https://www.gsmarena.com/' but actual 'https://www.gsmarena.com/glossary.php3'!
2022-11-01 21:58:46 Messager [TestNG-test=Footer-1-38] [ERROR] FAIL: wrong URL, expected 'https://www.gsmarena.com/' but actual 'https://www.gsmarena.com/glossary.php3'!
2022-11-01 21:58:46 DriverListener [TestNG-test=Footer-1-38] [INFO] Navigated back
2022-11-01 21:58:49 Messager [TestNG-test=Footer-1-38] [INFO] INFO: navigate to previous page performed.
2022-11-01 21:58:56 DriverListener [TestNG-test=Footer-1-38] [INFO] PASS: element 'footerMenuButton[FAQ]' is clicked.
2022-11-01 21:58:57 Messager [TestNG-test=Footer-1-38] [ERROR] FAIL: wrong URL, expected 'https://www.gsmarena.com/' but actual 'https://www.gsmarena.com/faq.php3'!
2022-11-01 21:58:57 Messager [TestNG-test=Footer-1-38] [ERROR] FAIL: wrong URL, expected 'https://www.gsmarena.com/' but actual 'https://www.gsmarena.com/faq.php3'!
2022-11-01 21:58:57 DriverListener [TestNG-test=Footer-1-38] [INFO] Navigated back
2022-11-01 21:58:59 Messager [TestNG-test=Footer-1-38] [INFO] INFO: navigate to previous page performed.
2022-11-01 21:59:01 DriverListener [TestNG-test=Footer-1-38] [INFO] PASS: element 'footerMenuButton[RSS feed]' is clicked.
2022-11-01 21:59:02 Messager [TestNG-test=Footer-1-38] [ERROR] FAIL: wrong URL, expected 'https://www.gsmarena.com/' but actual 'https://www.gsmarena.com/rss-news-reviews.php3'!
2022-11-01 21:59:02 Messager [TestNG-test=Footer-1-38] [ERROR] FAIL: wrong URL, expected 'https://www.gsmarena.com/' but actual 'https://www.gsmarena.com/rss-news-reviews.php3'!
2022-11-01 21:59:02 DriverListener [TestNG-test=Footer-1-38] [INFO] Navigated back
2022-11-01 21:59:04 Messager [TestNG-test=Footer-1-38] [INFO] INFO: navigate to previous page performed.
2022-11-01 21:59:07 DriverListener [TestNG-test=Footer-1-38] [INFO] PASS: element 'footerMenuButton[Youtube]' is clicked.
2022-11-01 21:59:08 Messager [TestNG-test=Footer-1-38] [INFO] PASS: url 'https://www.gsmarena.com/' is correct.
2022-11-01 21:59:09 Messager [TestNG-test=Footer-1-38] [ERROR] FAIL: wrong URL, expected 'https://www.gsmarena.com/' but actual 'https://www.youtube.com/channel/UCbLq9tsbo8peV22VxbDAfXA?sub_confirmation=1'!
2022-11-01 21:59:10 DriverListener [TestNG-test=Footer-1-38] [INFO] PASS: element 'footerMenuButton[Facebook]' is clicked.
2022-11-01 21:59:11 Messager [TestNG-test=Footer-1-38] [INFO] PASS: url 'https://www.gsmarena.com/' is correct.
2022-11-01 21:59:11 Messager [TestNG-test=Footer-1-38] [ERROR] FAIL: wrong URL, expected 'https://www.gsmarena.com/' but actual 'https://www.facebook.com/people/GSMArenacom/100066846038410/'!
2022-11-01 21:59:12 DriverListener [TestNG-test=Footer-1-38] [INFO] PASS: element 'footerMenuButton[Twitter]' is clicked.
2022-11-01 21:59:13 Messager [TestNG-test=Footer-1-38] [INFO] PASS: url 'https://www.gsmarena.com/' is correct.
2022-11-01 21:59:13 Messager [TestNG-test=Footer-1-38] [ERROR] FAIL: wrong URL, expected 'https://www.gsmarena.com/' but actual 'https://twitter.com/gsmarena_com'!
2022-11-01 21:59:14 DriverListener [TestNG-test=Footer-1-38] [INFO] PASS: element 'footerMenuButton[Instagram]' is clicked.
2022-11-01 21:59:15 Messager [TestNG-test=Footer-1-38] [INFO] PASS: url 'https://www.gsmarena.com/' is correct.
2022-11-01 21:59:16 Messager [TestNG-test=Footer-1-38] [ERROR] FAIL: wrong URL, expected 'https://www.gsmarena.com/' but actual 'https://www.instagram.com/gsmarenateam/'!
2022-11-01 21:59:17 DriverListener [TestNG-test=Footer-1-38] [INFO] PASS: element 'footerMenuButton[GSMArena.com]' is clicked.
2022-11-01 21:59:18 Messager [TestNG-test=Footer-1-38] [ERROR] FAIL: wrong URL, expected 'https://www.gsmarena.com/' but actual 'https://www.gsmarena.com/team.php3'!
2022-11-01 21:59:18 Messager [TestNG-test=Footer-1-38] [ERROR] FAIL: wrong URL, expected 'https://www.gsmarena.com/' but actual 'https://www.gsmarena.com/team.php3'!
2022-11-01 21:59:18 DriverListener [TestNG-test=Footer-1-38] [INFO] Navigated back
2022-11-01 21:59:21 Messager [TestNG-test=Footer-1-38] [INFO] INFO: navigate to previous page performed.
2022-11-01 21:59:23 DriverListener [TestNG-test=Footer-1-38] [INFO] PASS: element 'footerMenuButton[Mobile version]' is clicked.
2022-11-01 21:59:25 Messager [TestNG-test=Footer-1-38] [ERROR] FAIL: wrong URL, expected 'https://www.gsmarena.com/' but actual 'https://m.gsmarena.com/'!
2022-11-01 21:59:25 Messager [TestNG-test=Footer-1-38] [ERROR] FAIL: wrong URL, expected 'https://www.gsmarena.com/' but actual 'https://m.gsmarena.com/'!
2022-11-01 21:59:26 DriverListener [TestNG-test=Footer-1-38] [INFO] Navigated back
2022-11-01 21:59:28 Messager [TestNG-test=Footer-1-38] [INFO] INFO: navigate to previous page performed.
2022-11-01 21:59:30 DriverListener [TestNG-test=Footer-1-38] [INFO] PASS: element 'footerMenuButton[Android app]' is clicked.
2022-11-01 21:59:31 Messager [TestNG-test=Footer-1-38] [INFO] PASS: url 'https://www.gsmarena.com/' is correct.
2022-11-01 21:59:34 Messager [TestNG-test=Footer-1-38] [ERROR] FAIL: wrong URL, expected 'https://www.gsmarena.com/' but actual 'https://play.google.com/store/apps/details?id=com.gsmarena.android'!
2022-11-01 21:59:35 DriverListener [TestNG-test=Footer-1-38] [INFO] PASS: element 'footerMenuButton[Tools]' is clicked.
2022-11-01 21:59:36 Messager [TestNG-test=Footer-1-38] [ERROR] FAIL: wrong URL, expected 'https://www.gsmarena.com/' but actual 'https://www.gsmarena.com/tools.php3'!
2022-11-01 21:59:36 Messager [TestNG-test=Footer-1-38] [ERROR] FAIL: wrong URL, expected 'https://www.gsmarena.com/' but actual 'https://www.gsmarena.com/tools.php3'!
2022-11-01 21:59:36 DriverListener [TestNG-test=Footer-1-38] [INFO] Navigated back
2022-11-01 21:59:38 Messager [TestNG-test=Footer-1-38] [INFO] INFO: navigate to previous page performed.
2022-11-01 21:59:41 DriverListener [TestNG-test=Footer-1-38] [INFO] PASS: element 'footerMenuButton[Contact us]' is clicked.
2022-11-01 21:59:42 Messager [TestNG-test=Footer-1-38] [ERROR] FAIL: wrong URL, expected 'https://www.gsmarena.com/' but actual 'https://www.gsmarena.com/contact.php3'!
2022-11-01 21:59:42 Messager [TestNG-test=Footer-1-38] [ERROR] FAIL: wrong URL, expected 'https://www.gsmarena.com/' but actual 'https://www.gsmarena.com/contact.php3'!
2022-11-01 21:59:42 DriverListener [TestNG-test=Footer-1-38] [INFO] Navigated back
2022-11-01 21:59:45 Messager [TestNG-test=Footer-1-38] [INFO] INFO: navigate to previous page performed.
2022-11-01 21:59:47 DriverListener [TestNG-test=Footer-1-38] [INFO] PASS: element 'footerMenuButton[Merch store]' is clicked.
2022-11-01 21:59:47 Messager [TestNG-test=Footer-1-38] [INFO] PASS: url 'https://www.gsmarena.com/' is correct.
2022-11-01 21:59:49 Messager [TestNG-test=Footer-1-38] [ERROR] FAIL: wrong URL, expected 'https://www.gsmarena.com/' but actual 'https://merch.gsmarena.com/'!
2022-11-01 21:59:49 DriverListener [TestNG-test=Footer-1-38] [INFO] PASS: element 'footerMenuButton[Privacy]' is clicked.
2022-11-01 21:59:51 Messager [TestNG-test=Footer-1-38] [ERROR] FAIL: wrong URL, expected 'https://www.gsmarena.com/' but actual 'https://www.gsmarena.com/privacy-policy.php3'!
2022-11-01 21:59:51 Messager [TestNG-test=Footer-1-38] [ERROR] FAIL: wrong URL, expected 'https://www.gsmarena.com/' but actual 'https://www.gsmarena.com/privacy-policy.php3'!
2022-11-01 21:59:51 DriverListener [TestNG-test=Footer-1-38] [INFO] Navigated back
2022-11-01 21:59:54 Messager [TestNG-test=Footer-1-38] [INFO] INFO: navigate to previous page performed.
2022-11-01 21:59:56 DriverListener [TestNG-test=Footer-1-38] [INFO] PASS: element 'footerMenuButton[Terms of use]' is clicked.
2022-11-01 21:59:58 Messager [TestNG-test=Footer-1-38] [ERROR] FAIL: wrong URL, expected 'https://www.gsmarena.com/' but actual 'https://www.gsmarena.com/terms.php3'!
2022-11-01 21:59:58 Messager [TestNG-test=Footer-1-38] [ERROR] FAIL: wrong URL, expected 'https://www.gsmarena.com/' but actual 'https://www.gsmarena.com/terms.php3'!
2022-11-01 21:59:59 DriverListener [TestNG-test=Footer-1-38] [INFO] Navigated back
2022-11-01 22:00:01 Messager [TestNG-test=Footer-1-38] [INFO] INFO: navigate to previous page performed.
2022-11-01 22:00:02 Messager [TestNG-test=Footer-1-38] [INFO] TEST [Footer - testFooterMenu] PASSED at [22:00:02 2022-11-01]
]]></system-out>
    <system-err><![CDATA[лист. 01, 2022 9:56:07 ПП org.openqa.selenium.remote.ProtocolHandshake createSession
INFO: Detected dialect: W3C
]]></system-err>
  </testcase>
  <testcase name="testHeaderMenu" classname="com.solvd.carina.demo.my_test_cases.HeaderMenuTestCases" time="210.701">
    <system-out><![CDATA[2022-11-01 22:00:02 TestRunRegistrar [TestNG-test=Header-1] [WARN] Reporting disabled: using no op test run registrar
2022-11-01 22:00:02 Messager [TestNG-test=Header-1-78] [INFO] TEST [Header - testHeaderMenu] STARTED at [22:00:02 2022-11-01]
2022-11-01 22:00:02 DriverFactory [TestNG-test=Header-1-78] [INFO] Starting driver session...
2022-11-01 22:00:07 DriverFactory [TestNG-test=Header-1-78] [INFO] Driver session started.
2022-11-01 22:00:07 Messager [TestNG-test=Header-1-78] [INFO] INFO: opening url 'https://www.gsmarena.com'
2022-11-01 22:00:08 DriverListener [TestNG-test=Header-1-78] [INFO] INFO: url 'https://www.gsmarena.com' is opened.
2022-11-01 22:00:39 DriverListener [TestNG-test=Header-1-78] [INFO] PASS: element 'hamburgerMenuButton' is clicked.
2022-11-01 22:00:42 DriverListener [TestNG-test=Header-1-78] [INFO] PASS: element 'homeButton' is clicked.
2022-11-01 22:01:59 DriverListener [TestNG-test=Header-1-78] [INFO] PASS: element 'headerMenuButton[News]' is clicked.
2022-11-01 22:02:00 Messager [TestNG-test=Header-1-78] [ERROR] FAIL: wrong URL, expected 'https://www.gsmarena.com/' but actual 'https://www.gsmarena.com/news.php3'!
2022-11-01 22:02:00 Messager [TestNG-test=Header-1-78] [ERROR] FAIL: wrong URL, expected 'https://www.gsmarena.com/' but actual 'https://www.gsmarena.com/news.php3'!
2022-11-01 22:02:00 DriverListener [TestNG-test=Header-1-78] [INFO] Navigated back
2022-11-01 22:02:02 Messager [TestNG-test=Header-1-78] [INFO] INFO: navigate to previous page performed.
2022-11-01 22:02:20 DriverListener [TestNG-test=Header-1-78] [INFO] PASS: element 'headerMenuButton[Reviews]' is clicked.
2022-11-01 22:02:22 Messager [TestNG-test=Header-1-78] [ERROR] FAIL: wrong URL, expected 'https://www.gsmarena.com/' but actual 'https://www.gsmarena.com/reviews.php3'!
2022-11-01 22:02:22 Messager [TestNG-test=Header-1-78] [ERROR] FAIL: wrong URL, expected 'https://www.gsmarena.com/' but actual 'https://www.gsmarena.com/reviews.php3'!
2022-11-01 22:02:22 DriverListener [TestNG-test=Header-1-78] [INFO] Navigated back
2022-11-01 22:02:24 Messager [TestNG-test=Header-1-78] [INFO] INFO: navigate to previous page performed.
2022-11-01 22:02:34 DriverListener [TestNG-test=Header-1-78] [INFO] PASS: element 'headerMenuButton[Videos]' is clicked.
2022-11-01 22:02:35 Messager [TestNG-test=Header-1-78] [ERROR] FAIL: wrong URL, expected 'https://www.gsmarena.com/' but actual 'https://www.gsmarena.com/videos.php3'!
2022-11-01 22:02:35 Messager [TestNG-test=Header-1-78] [ERROR] FAIL: wrong URL, expected 'https://www.gsmarena.com/' but actual 'https://www.gsmarena.com/videos.php3'!
2022-11-01 22:02:35 DriverListener [TestNG-test=Header-1-78] [INFO] Navigated back
2022-11-01 22:02:37 Messager [TestNG-test=Header-1-78] [INFO] INFO: navigate to previous page performed.
2022-11-01 22:02:38 DriverListener [TestNG-test=Header-1-78] [INFO] PASS: element 'headerMenuButton[Featured]' is clicked.
2022-11-01 22:02:41 Messager [TestNG-test=Header-1-78] [ERROR] FAIL: wrong URL, expected 'https://www.gsmarena.com/' but actual 'https://www.gsmarena.com/news.php3?sTag=Featured'!
2022-11-01 22:02:41 Messager [TestNG-test=Header-1-78] [ERROR] FAIL: wrong URL, expected 'https://www.gsmarena.com/' but actual 'https://www.gsmarena.com/news.php3?sTag=Featured'!
2022-11-01 22:02:41 DriverListener [TestNG-test=Header-1-78] [INFO] Navigated back
2022-11-01 22:02:50 Messager [TestNG-test=Header-1-78] [INFO] INFO: navigate to previous page performed.
2022-11-01 22:02:52 DriverListener [TestNG-test=Header-1-78] [INFO] PASS: element 'headerMenuButton[Phone Finder]' is clicked.
2022-11-01 22:02:53 Messager [TestNG-test=Header-1-78] [ERROR] FAIL: wrong URL, expected 'https://www.gsmarena.com/' but actual 'https://www.gsmarena.com/search.php3?'!
2022-11-01 22:02:53 Messager [TestNG-test=Header-1-78] [ERROR] FAIL: wrong URL, expected 'https://www.gsmarena.com/' but actual 'https://www.gsmarena.com/search.php3?'!
2022-11-01 22:02:53 DriverListener [TestNG-test=Header-1-78] [INFO] Navigated back
2022-11-01 22:02:59 Screenshot [TestNG-test=Header-1-78] [WARN] Unable to capture screenshot during 6 sec!
2022-11-01 22:02:59 Messager [TestNG-test=Header-1-78] [INFO] INFO: navigate to previous page performed.
2022-11-01 22:03:01 DriverListener [TestNG-test=Header-1-78] [INFO] PASS: element 'headerMenuButton[Deals]' is clicked.
2022-11-01 22:03:02 Messager [TestNG-test=Header-1-78] [ERROR] FAIL: wrong URL, expected 'https://www.gsmarena.com/' but actual 'https://www.gsmarena.com/deals.php3'!
2022-11-01 22:03:02 Messager [TestNG-test=Header-1-78] [ERROR] FAIL: wrong URL, expected 'https://www.gsmarena.com/' but actual 'https://www.gsmarena.com/deals.php3'!
2022-11-01 22:03:09 DriverListener [TestNG-test=Header-1-78] [INFO] Navigated back
2022-11-01 22:03:10 Messager [TestNG-test=Header-1-78] [INFO] INFO: navigate to previous page performed.
2022-11-01 22:03:11 DriverListener [TestNG-test=Header-1-78] [INFO] PASS: element 'headerMenuButton[Merch]' is clicked.
2022-11-01 22:03:12 Messager [TestNG-test=Header-1-78] [ERROR] FAIL: wrong URL, expected 'https://www.gsmarena.com/' but actual 'https://www.gsmarena.com/videos.php3'!
2022-11-01 22:03:12 Messager [TestNG-test=Header-1-78] [ERROR] FAIL: wrong URL, expected 'https://www.gsmarena.com/' but actual 'https://www.gsmarena.com/videos.php3'!
2022-11-01 22:03:12 DriverListener [TestNG-test=Header-1-78] [INFO] Navigated back
2022-11-01 22:03:17 Messager [TestNG-test=Header-1-78] [INFO] INFO: navigate to previous page performed.
2022-11-01 22:03:18 DriverListener [TestNG-test=Header-1-78] [INFO] PASS: element 'headerMenuButton[Coverage]' is clicked.
2022-11-01 22:03:21 Messager [TestNG-test=Header-1-78] [ERROR] FAIL: wrong URL, expected 'https://www.gsmarena.com/' but actual 'https://www.gsmarena.com/network-bands.php3'!
2022-11-01 22:03:21 Messager [TestNG-test=Header-1-78] [ERROR] FAIL: wrong URL, expected 'https://www.gsmarena.com/' but actual 'https://www.gsmarena.com/network-bands.php3'!
2022-11-01 22:03:21 DriverListener [TestNG-test=Header-1-78] [INFO] Navigated back
2022-11-01 22:03:26 Messager [TestNG-test=Header-1-78] [INFO] INFO: navigate to previous page performed.
2022-11-01 22:03:27 DriverListener [TestNG-test=Header-1-78] [INFO] PASS: element 'headerMenuButton[Contact]' is clicked.
2022-11-01 22:03:29 Messager [TestNG-test=Header-1-78] [ERROR] FAIL: wrong URL, expected 'https://www.gsmarena.com/' but actual 'https://www.gsmarena.com/contact.php3'!
2022-11-01 22:03:29 Messager [TestNG-test=Header-1-78] [ERROR] FAIL: wrong URL, expected 'https://www.gsmarena.com/' but actual 'https://www.gsmarena.com/contact.php3'!
2022-11-01 22:03:30 DriverListener [TestNG-test=Header-1-78] [INFO] Navigated back
2022-11-01 22:03:32 Messager [TestNG-test=Header-1-78] [INFO] INFO: navigate to previous page performed.
2022-11-01 22:03:33 Messager [TestNG-test=Header-1-78] [INFO] TEST [Header - testHeaderMenu] PASSED at [22:03:33 2022-11-01]
]]></system-out>
    <system-err><![CDATA[лист. 01, 2022 10:00:07 ПП org.openqa.selenium.remote.ProtocolHandshake createSession
INFO: Detected dialect: W3C
]]></system-err>
  </testcase>
  <testcase name="testSignUp" classname="com.solvd.carina.demo.my_test_cases.SignUpTestCases" time="59.453">
    <system-out><![CDATA[2022-11-01 22:03:33 TestRunRegistrar [TestNG-test=SignUp-1] [WARN] Reporting disabled: using no op test run registrar
2022-11-01 22:03:33 Messager [TestNG-test=SignUp-1-100] [INFO] TEST [SignUp - testSignUp] STARTED at [22:03:33 2022-11-01]
2022-11-01 22:03:33 DriverFactory [TestNG-test=SignUp-1-100] [INFO] Starting driver session...
2022-11-01 22:03:38 DriverFactory [TestNG-test=SignUp-1-100] [INFO] Driver session started.
2022-11-01 22:03:38 Messager [TestNG-test=SignUp-1-100] [INFO] INFO: opening url 'https://www.gsmarena.com'
2022-11-01 22:03:39 DriverListener [TestNG-test=SignUp-1-100] [INFO] INFO: url 'https://www.gsmarena.com' is opened.
2022-11-01 22:04:11 DriverListener [TestNG-test=SignUp-1-100] [INFO] PASS: element 'signUpLink' is clicked.
2022-11-01 22:04:17 DriverListener [TestNG-test=SignUp-1-100] [INFO] PASS: keys cleared in element 'nicknameField'.
2022-11-01 22:04:18 DriverListener [TestNG-test=SignUp-1-100] [INFO] PASS: keys 'slavyop' are sent to element 'nicknameField'.
2022-11-01 22:04:19 DriverListener [TestNG-test=SignUp-1-100] [INFO] PASS: keys cleared in element 'emailField'.
2022-11-01 22:04:21 DriverListener [TestNG-test=SignUp-1-100] [INFO] PASS: keys 'sefshgnkkd@gmail.com' are sent to element 'emailField'.
2022-11-01 22:04:22 DriverListener [TestNG-test=SignUp-1-100] [INFO] PASS: keys cleared in element 'passwordField'.
2022-11-01 22:04:23 DriverListener [TestNG-test=SignUp-1-100] [INFO] PASS: keys 'qwxriihku' are sent to element 'passwordField'.
2022-11-01 22:04:24 DriverListener [TestNG-test=SignUp-1-100] [INFO] PASS: element 'firstCheckbox' is clicked.
2022-11-01 22:04:25 DriverListener [TestNG-test=SignUp-1-100] [INFO] PASS: element 'secondCheckbox' is clicked.
2022-11-01 22:04:28 DriverListener [TestNG-test=SignUp-1-100] [INFO] PASS: element 'submitButton' is clicked.
2022-11-01 22:04:33 Messager [TestNG-test=SignUp-1-100] [INFO] TEST [SignUp - testSignUp] PASSED at [22:04:33 2022-11-01]
]]></system-out>
    <system-err><![CDATA[лист. 01, 2022 10:03:37 ПП org.openqa.selenium.remote.ProtocolHandshake createSession
INFO: Detected dialect: W3C
]]></system-err>
  </testcase>
</testsuite>