<?xml version="1.0" encoding="UTF-8"?>
<testsuite xmlns:xsi="http://www.w3.org/2001/XMLSchema-instance" xsi:noNamespaceSchemaLocation="https://maven.apache.org/surefire/maven-surefire-plugin/xsd/surefire-test-report-3.0.xsd" version="3.0" name="com.solvd.carina.demo.my_test_cases.LogInTestCases" time="417.273" tests="7" errors="0" skipped="0" failures="0">
  <properties>
    <property name="sun.desktop" value="windows"/>
    <property name="awt.toolkit" value="sun.awt.windows.WToolkit"/>
    <property name="java.specification.version" value="11"/>
    <property name="sun.cpu.isalist" value="amd64"/>
    <property name="sun.jnu.encoding" value="Cp1251"/>
    <property name="java.class.path" value="C:\Users\User\.m2\repository\org\apache\maven\surefire\surefire-booter\3.0.0-M6\surefire-booter-3.0.0-M6.jar;C:\Users\User\.m2\repository\org\apache\maven\surefire\surefire-api\3.0.0-M6\surefire-api-3.0.0-M6.jar;C:\Users\User\.m2\repository\org\apache\maven\surefire\surefire-logger-api\3.0.0-M6\surefire-logger-api-3.0.0-M6.jar;C:\Users\User\.m2\repository\org\apache\maven\surefire\surefire-shared-utils\3.0.0-M6\surefire-shared-utils-3.0.0-M6.jar;C:\Users\User\.m2\repository\org\apache\maven\surefire\surefire-extensions-spi\3.0.0-M6\surefire-extensions-spi-3.0.0-M6.jar;C:\Users\User\Documents\GitHub\project-qa\target\test-classes;C:\Users\User\Documents\GitHub\project-qa\target\classes;C:\Users\User\.m2\repository\com\qaprosoft\carina-core\7.4.26\carina-core-7.4.26.jar;C:\Users\User\.m2\repository\com\qaprosoft\carina-dataprovider\7.4.26\carina-dataprovider-7.4.26.jar;C:\Users\User\.m2\repository\com\qaprosoft\carina-commons\7.4.26\carina-commons-7.4.26.jar;C:\Users\User\.m2\repository\net\sf\opencsv\opencsv\1.7\opencsv-1.7.jar;C:\Users\User\.m2\repository\org\apache\poi\poi-ooxml\4.1.2\poi-ooxml-4.1.2.jar;C:\Users\User\.m2\repository\org\apache\poi\poi\4.1.2\poi-4.1.2.jar;C:\Users\User\.m2\repository\org\apache\commons\commons-collections4\4.4\commons-collections4-4.4.jar;C:\Users\User\.m2\repository\org\apache\commons\commons-math3\3.6.1\commons-math3-3.6.1.jar;C:\Users\User\.m2\repository\com\zaxxer\SparseBitSet\1.2\SparseBitSet-1.2.jar;C:\Users\User\.m2\repository\org\apache\poi\poi-ooxml-schemas\4.1.2\poi-ooxml-schemas-4.1.2.jar;C:\Users\User\.m2\repository\org\apache\xmlbeans\xmlbeans\3.1.0\xmlbeans-3.1.0.jar;C:\Users\User\.m2\repository\org\apache\commons\commons-compress\1.19\commons-compress-1.19.jar;C:\Users\User\.m2\repository\com\github\virtuald\curvesapi\1.06\curvesapi-1.06.jar;C:\Users\User\.m2\repository\com\qaprosoft\carina-utils\7.4.26\carina-utils-7.4.26.jar;C:\Users\User\.m2\repository\com\qaprosoft\carina-crypto\7.4.26\carina-crypto-7.4.26.jar;C:\Users\User\.m2\repository\commons-cli\commons-cli\1.2\commons-cli-1.2.jar;C:\Users\User\.m2\repository\commons-codec\commons-codec\1.9\commons-codec-1.9.jar;C:\Users\User\.m2\repository\com\zebrunner\agent-testng-pluggable\1.7.4\agent-testng-pluggable-1.7.4.jar;C:\Users\User\.m2\repository\com\zebrunner\agent-core\1.7.4\agent-core-1.7.4.jar;C:\Users\User\.m2\repository\com\konghq\unirest-java\3.13.10\unirest-java-3.13.10.jar;C:\Users\User\.m2\repository\org\apache\httpcomponents\httpcore-nio\4.4.13\httpcore-nio-4.4.13.jar;C:\Users\User\.m2\repository\org\apache\httpcomponents\httpasyncclient\4.1.5\httpasyncclient-4.1.5.jar;C:\Users\User\.m2\repository\org\yaml\snakeyaml\1.30\snakeyaml-1.30.jar;C:\Users\User\.m2\repository\org\apache\logging\log4j\log4j-slf4j-impl\2.17.1\log4j-slf4j-impl-2.17.1.jar;C:\Users\User\.m2\repository\commons-io\commons-io\2.7\commons-io-2.7.jar;C:\Users\User\.m2\repository\org\seleniumhq\selenium\selenium-api\3.141.59\selenium-api-3.141.59.jar;C:\Users\User\.m2\repository\org\seleniumhq\selenium\selenium-remote-driver\3.141.59\selenium-remote-driver-3.141.59.jar;C:\Users\User\.m2\repository\com\sun\jna\jna\3.0.9\jna-3.0.9.jar;C:\Users\User\.m2\repository\io\rest-assured\rest-assured\4.3.0\rest-assured-4.3.0.jar;C:\Users\User\.m2\repository\org\codehaus\groovy\groovy\3.0.2\groovy-3.0.2.jar;C:\Users\User\.m2\repository\org\codehaus\groovy\groovy-xml\3.0.2\groovy-xml-3.0.2.jar;C:\Users\User\.m2\repository\org\apache\httpcomponents\httpmime\4.5.3\httpmime-4.5.3.jar;C:\Users\User\.m2\repository\org\hamcrest\hamcrest\2.1\hamcrest-2.1.jar;C:\Users\User\.m2\repository\org\ccil\cowan\tagsoup\tagsoup\1.2.1\tagsoup-1.2.1.jar;C:\Users\User\.m2\repository\io\rest-assured\xml-path\4.3.0\xml-path-4.3.0.jar;C:\Users\User\.m2\repository\jakarta\xml\bind\jakarta.xml.bind-api\2.3.2\jakarta.xml.bind-api-2.3.2.jar;C:\Users\User\.m2\repository\jakarta\activation\jakarta.activation-api\1.2.1\jakarta.activation-api-1.2.1.jar;C:\Users\User\.m2\repository\com\sun\xml\bind\jaxb-osgi\2.3.0.1\jaxb-osgi-2.3.0.1.jar;C:\Users\User\.m2\repository\org\apache\sling\org.apache.sling.javax.activation\0.1.0\org.apache.sling.javax.activation-0.1.0.jar;C:\Users\User\.m2\repository\io\rest-assured\json-path\4.3.0\json-path-4.3.0.jar;C:\Users\User\.m2\repository\org\codehaus\groovy\groovy-json\3.0.2\groovy-json-3.0.2.jar;C:\Users\User\.m2\repository\io\rest-assured\rest-assured-common\4.3.0\rest-assured-common-4.3.0.jar;C:\Users\User\.m2\repository\org\apache\pdfbox\pdfbox\2.0.24\pdfbox-2.0.24.jar;C:\Users\User\.m2\repository\org\apache\pdfbox\fontbox\2.0.24\fontbox-2.0.24.jar;C:\Users\User\.m2\repository\com\fasterxml\jackson\core\jackson-core\2.13.3\jackson-core-2.13.3.jar;C:\Users\User\.m2\repository\com\fasterxml\jackson\core\jackson-databind\2.13.3\jackson-databind-2.13.3.jar;C:\Users\User\.m2\repository\com\fasterxml\jackson\core\jackson-annotations\2.13.3\jackson-annotations-2.13.3.jar;C:\Users\User\.m2\repository\org\mongodb\mongo-java-driver\2.11.3\mongo-java-driver-2.11.3.jar;C:\Users\User\.m2\repository\joda-time\joda-time\2.9.9\joda-time-2.9.9.jar;C:\Users\User\.m2\repository\commons-net\commons-net\3.3\commons-net-3.3.jar;C:\Users\User\.m2\repository\org\imgscalr\imgscalr-lib\4.2\imgscalr-lib-4.2.jar;C:\Users\User\.m2\repository\com\google\code\gson\gson\2.9.0\gson-2.9.0.jar;C:\Users\User\.m2\repository\javax\xml\bind\jaxb-api\2.2.2\jaxb-api-2.2.2.jar;C:\Users\User\.m2\repository\javax\xml\stream\stax-api\1.0-2\stax-api-1.0-2.jar;C:\Users\User\.m2\repository\javax\activation\activation\1.1\activation-1.1.jar;C:\Users\User\.m2\repository\com\qaprosoft\carina-api\7.4.26\carina-api-7.4.26.jar;C:\Users\User\.m2\repository\org\apache\httpcomponents\httpclient\4.5.13\httpclient-4.5.13.jar;C:\Users\User\.m2\repository\org\apache\httpcomponents\httpcore\4.4.13\httpcore-4.4.13.jar;C:\Users\User\.m2\repository\commons-logging\commons-logging\1.2\commons-logging-1.2.jar;C:\Users\User\.m2\repository\org\apache\commons\commons-configuration2\2.7\commons-configuration2-2.7.jar;C:\Users\User\.m2\repository\org\apache\commons\commons-text\1.8\commons-text-1.8.jar;C:\Users\User\.m2\repository\org\freemarker\freemarker\2.3.31\freemarker-2.3.31.jar;C:\Users\User\.m2\repository\org\skyscreamer\jsonassert\1.5.0\jsonassert-1.5.0.jar;C:\Users\User\.m2\repository\ognl\ognl\3.3.2\ognl-3.3.2.jar;C:\Users\User\.m2\repository\org\javassist\javassist\3.28.0-GA\javassist-3.28.0-GA.jar;C:\Users\User\.m2\repository\org\xmlunit\xmlunit-assertj3\2.8.2\xmlunit-assertj3-2.8.2.jar;C:\Users\User\.m2\repository\org\xmlunit\xmlunit-core\2.8.2\xmlunit-core-2.8.2.jar;C:\Users\User\.m2\repository\org\assertj\assertj-core\3.18.1\assertj-core-3.18.1.jar;C:\Users\User\.m2\repository\io\rest-assured\json-schema-validator\4.3.0\json-schema-validator-4.3.0.jar;C:\Users\User\.m2\repository\com\github\java-json-tools\json-schema-validator\2.2.10\json-schema-validator-2.2.10.jar;C:\Users\User\.m2\repository\com\github\java-json-tools\json-schema-core\1.2.10\json-schema-core-1.2.10.jar;C:\Users\User\.m2\repository\com\github\java-json-tools\jackson-coreutils\1.9\jackson-coreutils-1.9.jar;C:\Users\User\.m2\repository\com\github\fge\msg-simple\1.1\msg-simple-1.1.jar;C:\Users\User\.m2\repository\com\github\fge\btf\1.2\btf-1.2.jar;C:\Users\User\.m2\repository\com\github\fge\uri-template\0.9\uri-template-0.9.jar;C:\Users\User\.m2\repository\org\mozilla\rhino\1.7.7.1\rhino-1.7.7.1.jar;C:\Users\User\.m2\repository\javax\mail\mailapi\1.4.3\mailapi-1.4.3.jar;C:\Users\User\.m2\repository\com\googlecode\libphonenumber\libphonenumber\8.0.0\libphonenumber-8.0.0.jar;C:\Users\User\.m2\repository\net\sf\jopt-simple\jopt-simple\5.0.3\jopt-simple-5.0.3.jar;C:\Users\User\.m2\repository\org\everit\json\org.everit.json.schema\1.5.1\org.everit.json.schema-1.5.1.jar;C:\Users\User\.m2\repository\org\json\json\20160810\json-20160810.jar;C:\Users\User\.m2\repository\com\jayway\jsonpath\json-path\2.5.0\json-path-2.5.0.jar;C:\Users\User\.m2\repository\net\minidev\json-smart\2.3\json-smart-2.3.jar;C:\Users\User\.m2\repository\net\minidev\accessors-smart\1.2\accessors-smart-1.2.jar;C:\Users\User\.m2\repository\com\qaprosoft\carina-reporting\7.4.26\carina-reporting-7.4.26.jar;C:\Users\User\.m2\repository\com\qaprosoft\carina-webdriver\7.4.26\carina-webdriver-7.4.26.jar;C:\Users\User\.m2\repository\org\seleniumhq\selenium\selenium-firefox-driver\3.141.59\selenium-firefox-driver-3.141.59.jar;C:\Users\User\.m2\repository\org\seleniumhq\selenium\selenium-chrome-driver\3.141.59\selenium-chrome-driver-3.141.59.jar;C:\Users\User\.m2\repository\ru\yandex\qatools\ashot\ashot\1.5.4\ashot-1.5.4.jar;C:\Users\User\.m2\repository\com\itextpdf\itextpdf\5.5.13.2\itextpdf-5.5.13.2.jar;C:\Users\User\.m2\repository\org\reflections\reflections\0.9.10\reflections-0.9.10.jar;C:\Users\User\.m2\repository\com\google\code\findbugs\annotations\2.0.1\annotations-2.0.1.jar;C:\Users\User\.m2\repository\com\sun\jersey\jersey-core\1.19.4\jersey-core-1.19.4.jar;C:\Users\User\.m2\repository\javax\ws\rs\jsr311-api\1.1.1\jsr311-api-1.1.1.jar;C:\Users\User\.m2\repository\org\hamcrest\hamcrest-core\1.3\hamcrest-core-1.3.jar;C:\Users\User\.m2\repository\org\hamcrest\hamcrest-all\1.3\hamcrest-all-1.3.jar;C:\Users\User\.m2\repository\com\qaprosoft\carina-appcenter\7.4.26\carina-appcenter-7.4.26.jar;C:\Users\User\.m2\repository\org\springframework\spring-web\5.3.19\spring-web-5.3.19.jar;C:\Users\User\.m2\repository\org\springframework\spring-beans\5.3.19\spring-beans-5.3.19.jar;C:\Users\User\.m2\repository\org\springframework\spring-core\5.3.19\spring-core-5.3.19.jar;C:\Users\User\.m2\repository\org\springframework\spring-jcl\5.3.19\spring-jcl-5.3.19.jar;C:\Users\User\.m2\repository\com\google\guava\guava\29.0-jre\guava-29.0-jre.jar;C:\Users\User\.m2\repository\com\google\guava\failureaccess\1.0.1\failureaccess-1.0.1.jar;C:\Users\User\.m2\repository\com\google\guava\listenablefuture\9999.0-empty-to-avoid-conflict-with-guava\listenablefuture-9999.0-empty-to-avoid-conflict-with-guava.jar;C:\Users\User\.m2\repository\com\google\errorprone\error_prone_annotations\2.3.4\error_prone_annotations-2.3.4.jar;C:\Users\User\.m2\repository\com\google\j2objc\j2objc-annotations\1.3\j2objc-annotations-1.3.jar;C:\Users\User\.m2\repository\com\qaprosoft\carina-aws-s3\7.4.26\carina-aws-s3-7.4.26.jar;C:\Users\User\.m2\repository\com\amazonaws\aws-java-sdk-core\1.11.923\aws-java-sdk-core-1.11.923.jar;C:\Users\User\.m2\repository\software\amazon\ion\ion-java\1.0.2\ion-java-1.0.2.jar;C:\Users\User\.m2\repository\com\fasterxml\jackson\dataformat\jackson-dataformat-cbor\2.6.7\jackson-dataformat-cbor-2.6.7.jar;C:\Users\User\.m2\repository\com\qaprosoft\carina-proxy\7.4.26\carina-proxy-7.4.26.jar;C:\Users\User\.m2\repository\net\lightbody\bmp\browsermob-core\2.1.5\browsermob-core-2.1.5.jar;C:\Users\User\.m2\repository\net\lightbody\bmp\littleproxy\1.1.0-beta-bmp-17\littleproxy-1.1.0-beta-bmp-17.jar;C:\Users\User\.m2\repository\dnsjava\dnsjava\2.1.8\dnsjava-2.1.8.jar;C:\Users\User\.m2\repository\org\slf4j\jcl-over-slf4j\1.7.25\jcl-over-slf4j-1.7.25.jar;C:\Users\User\.m2\repository\com\jcraft\jzlib\1.1.3\jzlib-1.1.3.jar;C:\Users\User\.m2\repository\org\bouncycastle\bcprov-jdk15on\1.58\bcprov-jdk15on-1.58.jar;C:\Users\User\.m2\repository\org\bouncycastle\bcpkix-jdk15on\1.58\bcpkix-jdk15on-1.58.jar;C:\Users\User\.m2\repository\net\lightbody\bmp\mitm\2.1.5\mitm-2.1.5.jar;C:\Users\User\.m2\repository\io\netty\netty-all\4.1.42.Final\netty-all-4.1.42.Final.jar;C:\Users\User\.m2\repository\org\apache\commons\commons-lang3\3.5\commons-lang3-3.5.jar;C:\Users\User\.m2\repository\commons-collections\commons-collections\3.2.2\commons-collections-3.2.2.jar;C:\Users\User\.m2\repository\org\seleniumhq\selenium\selenium-support\3.141.59\selenium-support-3.141.59.jar;C:\Users\User\.m2\repository\org\apache\commons\commons-exec\1.3\commons-exec-1.3.jar;C:\Users\User\.m2\repository\com\squareup\okhttp3\okhttp\3.11.0\okhttp-3.11.0.jar;C:\Users\User\.m2\repository\com\squareup\okio\okio\1.14.0\okio-1.14.0.jar;C:\Users\User\.m2\repository\com\amazonaws\aws-java-sdk-s3\1.11.923\aws-java-sdk-s3-1.11.923.jar;C:\Users\User\.m2\repository\org\testng\testng\7.5\testng-7.5.jar;C:\Users\User\.m2\repository\com\google\code\findbugs\jsr305\3.0.1\jsr305-3.0.1.jar;C:\Users\User\.m2\repository\com\beust\jcommander\1.78\jcommander-1.78.jar;C:\Users\User\.m2\repository\org\webjars\jquery\3.5.1\jquery-3.5.1.jar;C:\Users\User\.m2\repository\com\nordstrom\tools\testng-foundation\2.0.1\testng-foundation-2.0.1.jar;C:\Users\User\.m2\repository\com\nordstrom\tools\java-utils\1.9.3\java-utils-1.9.3.jar;C:\Users\User\.m2\repository\com\nordstrom\tools\settings\2.3.3\settings-2.3.3.jar;C:\Users\User\.m2\repository\commons-beanutils\commons-beanutils\1.9.4\commons-beanutils-1.9.4.jar;C:\Users\User\.m2\repository\io\appium\java-client\7.6.0\java-client-7.6.0.jar;C:\Users\User\.m2\repository\org\seleniumhq\selenium\selenium-java\3.141.59\selenium-java-3.141.59.jar;C:\Users\User\.m2\repository\org\seleniumhq\selenium\selenium-edge-driver\3.141.59\selenium-edge-driver-3.141.59.jar;C:\Users\User\.m2\repository\org\seleniumhq\selenium\selenium-ie-driver\3.141.59\selenium-ie-driver-3.141.59.jar;C:\Users\User\.m2\repository\org\seleniumhq\selenium\selenium-opera-driver\3.141.59\selenium-opera-driver-3.141.59.jar;C:\Users\User\.m2\repository\org\seleniumhq\selenium\selenium-safari-driver\3.141.59\selenium-safari-driver-3.141.59.jar;C:\Users\User\.m2\repository\cglib\cglib\3.3.0\cglib-3.3.0.jar;C:\Users\User\.m2\repository\org\ow2\asm\asm\7.1\asm-7.1.jar;C:\Users\User\.m2\repository\commons-validator\commons-validator\1.7\commons-validator-1.7.jar;C:\Users\User\.m2\repository\commons-digester\commons-digester\2.1\commons-digester-2.1.jar;C:\Users\User\.m2\repository\org\aspectj\aspectjweaver\1.9.7\aspectjweaver-1.9.7.jar;C:\Users\User\.m2\repository\com\qaprosoft\carina-azure\7.4.26\carina-azure-7.4.26.jar;C:\Users\User\.m2\repository\com\azure\azure-storage-blob\12.7.0\azure-storage-blob-12.7.0.jar;C:\Users\User\.m2\repository\com\azure\azure-core\1.5.1\azure-core-1.5.1.jar;C:\Users\User\.m2\repository\com\fasterxml\jackson\datatype\jackson-datatype-jsr310\2.10.1\jackson-datatype-jsr310-2.10.1.jar;C:\Users\User\.m2\repository\com\fasterxml\jackson\dataformat\jackson-dataformat-xml\2.10.1\jackson-dataformat-xml-2.10.1.jar;C:\Users\User\.m2\repository\com\fasterxml\jackson\module\jackson-module-jaxb-annotations\2.10.1\jackson-module-jaxb-annotations-2.10.1.jar;C:\Users\User\.m2\repository\org\codehaus\woodstox\stax2-api\4.2\stax2-api-4.2.jar;C:\Users\User\.m2\repository\com\fasterxml\woodstox\woodstox-core\6.0.2\woodstox-core-6.0.2.jar;C:\Users\User\.m2\repository\io\projectreactor\reactor-core\3.3.5.RELEASE\reactor-core-3.3.5.RELEASE.jar;C:\Users\User\.m2\repository\org\reactivestreams\reactive-streams\1.0.3\reactive-streams-1.0.3.jar;C:\Users\User\.m2\repository\io\netty\netty-tcnative-boringssl-static\2.0.29.Final\netty-tcnative-boringssl-static-2.0.29.Final.jar;C:\Users\User\.m2\repository\com\azure\azure-storage-common\12.7.0\azure-storage-common-12.7.0.jar;C:\Users\User\.m2\repository\com\azure\azure-core-http-netty\1.5.2\azure-core-http-netty-1.5.2.jar;C:\Users\User\.m2\repository\io\netty\netty-handler\4.1.49.Final\netty-handler-4.1.49.Final.jar;C:\Users\User\.m2\repository\io\netty\netty-common\4.1.49.Final\netty-common-4.1.49.Final.jar;C:\Users\User\.m2\repository\io\netty\netty-resolver\4.1.49.Final\netty-resolver-4.1.49.Final.jar;C:\Users\User\.m2\repository\io\netty\netty-transport\4.1.49.Final\netty-transport-4.1.49.Final.jar;C:\Users\User\.m2\repository\io\netty\netty-codec\4.1.49.Final\netty-codec-4.1.49.Final.jar;C:\Users\User\.m2\repository\io\netty\netty-handler-proxy\4.1.49.Final\netty-handler-proxy-4.1.49.Final.jar;C:\Users\User\.m2\repository\io\netty\netty-codec-socks\4.1.49.Final\netty-codec-socks-4.1.49.Final.jar;C:\Users\User\.m2\repository\io\netty\netty-buffer\4.1.49.Final\netty-buffer-4.1.49.Final.jar;C:\Users\User\.m2\repository\io\netty\netty-codec-http\4.1.49.Final\netty-codec-http-4.1.49.Final.jar;C:\Users\User\.m2\repository\io\netty\netty-codec-http2\4.1.49.Final\netty-codec-http2-4.1.49.Final.jar;C:\Users\User\.m2\repository\io\netty\netty-transport-native-unix-common\4.1.49.Final\netty-transport-native-unix-common-4.1.49.Final.jar;C:\Users\User\.m2\repository\io\netty\netty-transport-native-epoll\4.1.49.Final\netty-transport-native-epoll-4.1.49.Final-linux-x86_64.jar;C:\Users\User\.m2\repository\io\projectreactor\netty\reactor-netty\0.9.7.RELEASE\reactor-netty-0.9.7.RELEASE.jar;C:\Users\User\.m2\repository\org\slf4j\slf4j-api\1.7.30\slf4j-api-1.7.30.jar;C:\Users\User\.m2\repository\org\apache\logging\log4j\log4j-api\2.17.1\log4j-api-2.17.1.jar;C:\Users\User\.m2\repository\org\apache\logging\log4j\log4j-core\2.17.1\log4j-core-2.17.1.jar;C:\Users\User\.m2\repository\net\bytebuddy\byte-buddy\1.10.18\byte-buddy-1.10.18.jar;C:\Users\User\.m2\repository\org\mybatis\mybatis\3.5.6\mybatis-3.5.6.jar;C:\Users\User\.m2\repository\org\postgresql\postgresql\42.3.3\postgresql-42.3.3.jar;C:\Users\User\.m2\repository\org\checkerframework\checker-qual\3.5.0\checker-qual-3.5.0.jar;C:\Users\User\.m2\repository\org\apache\maven\surefire\surefire-testng\3.0.0-M6\surefire-testng-3.0.0-M6.jar;C:\Users\User\.m2\repository\org\apache\maven\surefire\common-java5\3.0.0-M6\common-java5-3.0.0-M6.jar;C:\Users\User\.m2\repository\org\apache\maven\surefire\surefire-testng-utils\3.0.0-M6\surefire-testng-utils-3.0.0-M6.jar;C:\Users\User\.m2\repository\org\apache\maven\surefire\surefire-grouper\3.0.0-M6\surefire-grouper-3.0.0-M6.jar"/>
    <property name="java.vm.vendor" value="Oracle Corporation"/>
    <property name="sun.arch.data.model" value="64"/>
    <property name="user.variant" value=""/>
    <property name="java.vendor.url" value="https://openjdk.java.net/"/>
    <property name="user.timezone" value="Europe/Helsinki"/>
    <property name="java.vm.specification.version" value="11"/>
    <property name="os.name" value="Windows 10"/>
    <property name="sun.java.launcher" value="SUN_STANDARD"/>
    <property name="user.country" value="UA"/>
    <property name="sun.boot.library.path" value="C:\Java\jdk-11.0.15\bin"/>
    <property name="sun.java.command" value="org.apache.maven.surefire.booter.ForkedBooter C:\Users\User\AppData\Local\Temp\surefire37834053766628032 2022-11-01T21-39-15_737-jvmRun1 surefire8730235145020928218tmp surefire_011269389395374458614tmp"/>
    <property name="jdk.debug" value="release"/>
    <property name="test" value="LogInTestCases#testNegativeLogIn"/>
    <property name="surefire.test.class.path" value="C:\Users\User\Documents\GitHub\project-qa\target\test-classes;C:\Users\User\Documents\GitHub\project-qa\target\classes;C:\Users\User\.m2\repository\com\qaprosoft\carina-core\7.4.26\carina-core-7.4.26.jar;C:\Users\User\.m2\repository\com\qaprosoft\carina-dataprovider\7.4.26\carina-dataprovider-7.4.26.jar;C:\Users\User\.m2\repository\com\qaprosoft\carina-commons\7.4.26\carina-commons-7.4.26.jar;C:\Users\User\.m2\repository\net\sf\opencsv\opencsv\1.7\opencsv-1.7.jar;C:\Users\User\.m2\repository\org\apache\poi\poi-ooxml\4.1.2\poi-ooxml-4.1.2.jar;C:\Users\User\.m2\repository\org\apache\poi\poi\4.1.2\poi-4.1.2.jar;C:\Users\User\.m2\repository\org\apache\commons\commons-collections4\4.4\commons-collections4-4.4.jar;C:\Users\User\.m2\repository\org\apache\commons\commons-math3\3.6.1\commons-math3-3.6.1.jar;C:\Users\User\.m2\repository\com\zaxxer\SparseBitSet\1.2\SparseBitSet-1.2.jar;C:\Users\User\.m2\repository\org\apache\poi\poi-ooxml-schemas\4.1.2\poi-ooxml-schemas-4.1.2.jar;C:\Users\User\.m2\repository\org\apache\xmlbeans\xmlbeans\3.1.0\xmlbeans-3.1.0.jar;C:\Users\User\.m2\repository\org\apache\commons\commons-compress\1.19\commons-compress-1.19.jar;C:\Users\User\.m2\repository\com\github\virtuald\curvesapi\1.06\curvesapi-1.06.jar;C:\Users\User\.m2\repository\com\qaprosoft\carina-utils\7.4.26\carina-utils-7.4.26.jar;C:\Users\User\.m2\repository\com\qaprosoft\carina-crypto\7.4.26\carina-crypto-7.4.26.jar;C:\Users\User\.m2\repository\commons-cli\commons-cli\1.2\commons-cli-1.2.jar;C:\Users\User\.m2\repository\commons-codec\commons-codec\1.9\commons-codec-1.9.jar;C:\Users\User\.m2\repository\com\zebrunner\agent-testng-pluggable\1.7.4\agent-testng-pluggable-1.7.4.jar;C:\Users\User\.m2\repository\com\zebrunner\agent-core\1.7.4\agent-core-1.7.4.jar;C:\Users\User\.m2\repository\com\konghq\unirest-java\3.13.10\unirest-java-3.13.10.jar;C:\Users\User\.m2\repository\org\apache\httpcomponents\httpcore-nio\4.4.13\httpcore-nio-4.4.13.jar;C:\Users\User\.m2\repository\org\apache\httpcomponents\httpasyncclient\4.1.5\httpasyncclient-4.1.5.jar;C:\Users\User\.m2\repository\org\yaml\snakeyaml\1.30\snakeyaml-1.30.jar;C:\Users\User\.m2\repository\org\apache\logging\log4j\log4j-slf4j-impl\2.17.1\log4j-slf4j-impl-2.17.1.jar;C:\Users\User\.m2\repository\commons-io\commons-io\2.7\commons-io-2.7.jar;C:\Users\User\.m2\repository\org\seleniumhq\selenium\selenium-api\3.141.59\selenium-api-3.141.59.jar;C:\Users\User\.m2\repository\org\seleniumhq\selenium\selenium-remote-driver\3.141.59\selenium-remote-driver-3.141.59.jar;C:\Users\User\.m2\repository\com\sun\jna\jna\3.0.9\jna-3.0.9.jar;C:\Users\User\.m2\repository\io\rest-assured\rest-assured\4.3.0\rest-assured-4.3.0.jar;C:\Users\User\.m2\repository\org\codehaus\groovy\groovy\3.0.2\groovy-3.0.2.jar;C:\Users\User\.m2\repository\org\codehaus\groovy\groovy-xml\3.0.2\groovy-xml-3.0.2.jar;C:\Users\User\.m2\repository\org\apache\httpcomponents\httpmime\4.5.3\httpmime-4.5.3.jar;C:\Users\User\.m2\repository\org\hamcrest\hamcrest\2.1\hamcrest-2.1.jar;C:\Users\User\.m2\repository\org\ccil\cowan\tagsoup\tagsoup\1.2.1\tagsoup-1.2.1.jar;C:\Users\User\.m2\repository\io\rest-assured\xml-path\4.3.0\xml-path-4.3.0.jar;C:\Users\User\.m2\repository\jakarta\xml\bind\jakarta.xml.bind-api\2.3.2\jakarta.xml.bind-api-2.3.2.jar;C:\Users\User\.m2\repository\jakarta\activation\jakarta.activation-api\1.2.1\jakarta.activation-api-1.2.1.jar;C:\Users\User\.m2\repository\com\sun\xml\bind\jaxb-osgi\2.3.0.1\jaxb-osgi-2.3.0.1.jar;C:\Users\User\.m2\repository\org\apache\sling\org.apache.sling.javax.activation\0.1.0\org.apache.sling.javax.activation-0.1.0.jar;C:\Users\User\.m2\repository\io\rest-assured\json-path\4.3.0\json-path-4.3.0.jar;C:\Users\User\.m2\repository\org\codehaus\groovy\groovy-json\3.0.2\groovy-json-3.0.2.jar;C:\Users\User\.m2\repository\io\rest-assured\rest-assured-common\4.3.0\rest-assured-common-4.3.0.jar;C:\Users\User\.m2\repository\org\apache\pdfbox\pdfbox\2.0.24\pdfbox-2.0.24.jar;C:\Users\User\.m2\repository\org\apache\pdfbox\fontbox\2.0.24\fontbox-2.0.24.jar;C:\Users\User\.m2\repository\com\fasterxml\jackson\core\jackson-core\2.13.3\jackson-core-2.13.3.jar;C:\Users\User\.m2\repository\com\fasterxml\jackson\core\jackson-databind\2.13.3\jackson-databind-2.13.3.jar;C:\Users\User\.m2\repository\com\fasterxml\jackson\core\jackson-annotations\2.13.3\jackson-annotations-2.13.3.jar;C:\Users\User\.m2\repository\org\mongodb\mongo-java-driver\2.11.3\mongo-java-driver-2.11.3.jar;C:\Users\User\.m2\repository\joda-time\joda-time\2.9.9\joda-time-2.9.9.jar;C:\Users\User\.m2\repository\commons-net\commons-net\3.3\commons-net-3.3.jar;C:\Users\User\.m2\repository\org\imgscalr\imgscalr-lib\4.2\imgscalr-lib-4.2.jar;C:\Users\User\.m2\repository\com\google\code\gson\gson\2.9.0\gson-2.9.0.jar;C:\Users\User\.m2\repository\javax\xml\bind\jaxb-api\2.2.2\jaxb-api-2.2.2.jar;C:\Users\User\.m2\repository\javax\xml\stream\stax-api\1.0-2\stax-api-1.0-2.jar;C:\Users\User\.m2\repository\javax\activation\activation\1.1\activation-1.1.jar;C:\Users\User\.m2\repository\com\qaprosoft\carina-api\7.4.26\carina-api-7.4.26.jar;C:\Users\User\.m2\repository\org\apache\httpcomponents\httpclient\4.5.13\httpclient-4.5.13.jar;C:\Users\User\.m2\repository\org\apache\httpcomponents\httpcore\4.4.13\httpcore-4.4.13.jar;C:\Users\User\.m2\repository\commons-logging\commons-logging\1.2\commons-logging-1.2.jar;C:\Users\User\.m2\repository\org\apache\commons\commons-configuration2\2.7\commons-configuration2-2.7.jar;C:\Users\User\.m2\repository\org\apache\commons\commons-text\1.8\commons-text-1.8.jar;C:\Users\User\.m2\repository\org\freemarker\freemarker\2.3.31\freemarker-2.3.31.jar;C:\Users\User\.m2\repository\org\skyscreamer\jsonassert\1.5.0\jsonassert-1.5.0.jar;C:\Users\User\.m2\repository\ognl\ognl\3.3.2\ognl-3.3.2.jar;C:\Users\User\.m2\repository\org\javassist\javassist\3.28.0-GA\javassist-3.28.0-GA.jar;C:\Users\User\.m2\repository\org\xmlunit\xmlunit-assertj3\2.8.2\xmlunit-assertj3-2.8.2.jar;C:\Users\User\.m2\repository\org\xmlunit\xmlunit-core\2.8.2\xmlunit-core-2.8.2.jar;C:\Users\User\.m2\repository\org\assertj\assertj-core\3.18.1\assertj-core-3.18.1.jar;C:\Users\User\.m2\repository\io\rest-assured\json-schema-validator\4.3.0\json-schema-validator-4.3.0.jar;C:\Users\User\.m2\repository\com\github\java-json-tools\json-schema-validator\2.2.10\json-schema-validator-2.2.10.jar;C:\Users\User\.m2\repository\com\github\java-json-tools\json-schema-core\1.2.10\json-schema-core-1.2.10.jar;C:\Users\User\.m2\repository\com\github\java-json-tools\jackson-coreutils\1.9\jackson-coreutils-1.9.jar;C:\Users\User\.m2\repository\com\github\fge\msg-simple\1.1\msg-simple-1.1.jar;C:\Users\User\.m2\repository\com\github\fge\btf\1.2\btf-1.2.jar;C:\Users\User\.m2\repository\com\github\fge\uri-template\0.9\uri-template-0.9.jar;C:\Users\User\.m2\repository\org\mozilla\rhino\1.7.7.1\rhino-1.7.7.1.jar;C:\Users\User\.m2\repository\javax\mail\mailapi\1.4.3\mailapi-1.4.3.jar;C:\Users\User\.m2\repository\com\googlecode\libphonenumber\libphonenumber\8.0.0\libphonenumber-8.0.0.jar;C:\Users\User\.m2\repository\net\sf\jopt-simple\jopt-simple\5.0.3\jopt-simple-5.0.3.jar;C:\Users\User\.m2\repository\org\everit\json\org.everit.json.schema\1.5.1\org.everit.json.schema-1.5.1.jar;C:\Users\User\.m2\repository\org\json\json\20160810\json-20160810.jar;C:\Users\User\.m2\repository\com\jayway\jsonpath\json-path\2.5.0\json-path-2.5.0.jar;C:\Users\User\.m2\repository\net\minidev\json-smart\2.3\json-smart-2.3.jar;C:\Users\User\.m2\repository\net\minidev\accessors-smart\1.2\accessors-smart-1.2.jar;C:\Users\User\.m2\repository\com\qaprosoft\carina-reporting\7.4.26\carina-reporting-7.4.26.jar;C:\Users\User\.m2\repository\com\qaprosoft\carina-webdriver\7.4.26\carina-webdriver-7.4.26.jar;C:\Users\User\.m2\repository\org\seleniumhq\selenium\selenium-firefox-driver\3.141.59\selenium-firefox-driver-3.141.59.jar;C:\Users\User\.m2\repository\org\seleniumhq\selenium\selenium-chrome-driver\3.141.59\selenium-chrome-driver-3.141.59.jar;C:\Users\User\.m2\repository\ru\yandex\qatools\ashot\ashot\1.5.4\ashot-1.5.4.jar;C:\Users\User\.m2\repository\com\itextpdf\itextpdf\5.5.13.2\itextpdf-5.5.13.2.jar;C:\Users\User\.m2\repository\org\reflections\reflections\0.9.10\reflections-0.9.10.jar;C:\Users\User\.m2\repository\com\google\code\findbugs\annotations\2.0.1\annotations-2.0.1.jar;C:\Users\User\.m2\repository\com\sun\jersey\jersey-core\1.19.4\jersey-core-1.19.4.jar;C:\Users\User\.m2\repository\javax\ws\rs\jsr311-api\1.1.1\jsr311-api-1.1.1.jar;C:\Users\User\.m2\repository\org\hamcrest\hamcrest-core\1.3\hamcrest-core-1.3.jar;C:\Users\User\.m2\repository\org\hamcrest\hamcrest-all\1.3\hamcrest-all-1.3.jar;C:\Users\User\.m2\repository\com\qaprosoft\carina-appcenter\7.4.26\carina-appcenter-7.4.26.jar;C:\Users\User\.m2\repository\org\springframework\spring-web\5.3.19\spring-web-5.3.19.jar;C:\Users\User\.m2\repository\org\springframework\spring-beans\5.3.19\spring-beans-5.3.19.jar;C:\Users\User\.m2\repository\org\springframework\spring-core\5.3.19\spring-core-5.3.19.jar;C:\Users\User\.m2\repository\org\springframework\spring-jcl\5.3.19\spring-jcl-5.3.19.jar;C:\Users\User\.m2\repository\com\google\guava\guava\29.0-jre\guava-29.0-jre.jar;C:\Users\User\.m2\repository\com\google\guava\failureaccess\1.0.1\failureaccess-1.0.1.jar;C:\Users\User\.m2\repository\com\google\guava\listenablefuture\9999.0-empty-to-avoid-conflict-with-guava\listenablefuture-9999.0-empty-to-avoid-conflict-with-guava.jar;C:\Users\User\.m2\repository\com\google\errorprone\error_prone_annotations\2.3.4\error_prone_annotations-2.3.4.jar;C:\Users\User\.m2\repository\com\google\j2objc\j2objc-annotations\1.3\j2objc-annotations-1.3.jar;C:\Users\User\.m2\repository\com\qaprosoft\carina-aws-s3\7.4.26\carina-aws-s3-7.4.26.jar;C:\Users\User\.m2\repository\com\amazonaws\aws-java-sdk-core\1.11.923\aws-java-sdk-core-1.11.923.jar;C:\Users\User\.m2\repository\software\amazon\ion\ion-java\1.0.2\ion-java-1.0.2.jar;C:\Users\User\.m2\repository\com\fasterxml\jackson\dataformat\jackson-dataformat-cbor\2.6.7\jackson-dataformat-cbor-2.6.7.jar;C:\Users\User\.m2\repository\com\qaprosoft\carina-proxy\7.4.26\carina-proxy-7.4.26.jar;C:\Users\User\.m2\repository\net\lightbody\bmp\browsermob-core\2.1.5\browsermob-core-2.1.5.jar;C:\Users\User\.m2\repository\net\lightbody\bmp\littleproxy\1.1.0-beta-bmp-17\littleproxy-1.1.0-beta-bmp-17.jar;C:\Users\User\.m2\repository\dnsjava\dnsjava\2.1.8\dnsjava-2.1.8.jar;C:\Users\User\.m2\repository\org\slf4j\jcl-over-slf4j\1.7.25\jcl-over-slf4j-1.7.25.jar;C:\Users\User\.m2\repository\com\jcraft\jzlib\1.1.3\jzlib-1.1.3.jar;C:\Users\User\.m2\repository\org\bouncycastle\bcprov-jdk15on\1.58\bcprov-jdk15on-1.58.jar;C:\Users\User\.m2\repository\org\bouncycastle\bcpkix-jdk15on\1.58\bcpkix-jdk15on-1.58.jar;C:\Users\User\.m2\repository\net\lightbody\bmp\mitm\2.1.5\mitm-2.1.5.jar;C:\Users\User\.m2\repository\io\netty\netty-all\4.1.42.Final\netty-all-4.1.42.Final.jar;C:\Users\User\.m2\repository\org\apache\commons\commons-lang3\3.5\commons-lang3-3.5.jar;C:\Users\User\.m2\repository\commons-collections\commons-collections\3.2.2\commons-collections-3.2.2.jar;C:\Users\User\.m2\repository\org\seleniumhq\selenium\selenium-support\3.141.59\selenium-support-3.141.59.jar;C:\Users\User\.m2\repository\org\apache\commons\commons-exec\1.3\commons-exec-1.3.jar;C:\Users\User\.m2\repository\com\squareup\okhttp3\okhttp\3.11.0\okhttp-3.11.0.jar;C:\Users\User\.m2\repository\com\squareup\okio\okio\1.14.0\okio-1.14.0.jar;C:\Users\User\.m2\repository\com\amazonaws\aws-java-sdk-s3\1.11.923\aws-java-sdk-s3-1.11.923.jar;C:\Users\User\.m2\repository\org\testng\testng\7.5\testng-7.5.jar;C:\Users\User\.m2\repository\com\google\code\findbugs\jsr305\3.0.1\jsr305-3.0.1.jar;C:\Users\User\.m2\repository\com\beust\jcommander\1.78\jcommander-1.78.jar;C:\Users\User\.m2\repository\org\webjars\jquery\3.5.1\jquery-3.5.1.jar;C:\Users\User\.m2\repository\com\nordstrom\tools\testng-foundation\2.0.1\testng-foundation-2.0.1.jar;C:\Users\User\.m2\repository\com\nordstrom\tools\java-utils\1.9.3\java-utils-1.9.3.jar;C:\Users\User\.m2\repository\com\nordstrom\tools\settings\2.3.3\settings-2.3.3.jar;C:\Users\User\.m2\repository\commons-beanutils\commons-beanutils\1.9.4\commons-beanutils-1.9.4.jar;C:\Users\User\.m2\repository\io\appium\java-client\7.6.0\java-client-7.6.0.jar;C:\Users\User\.m2\repository\org\seleniumhq\selenium\selenium-java\3.141.59\selenium-java-3.141.59.jar;C:\Users\User\.m2\repository\org\seleniumhq\selenium\selenium-edge-driver\3.141.59\selenium-edge-driver-3.141.59.jar;C:\Users\User\.m2\repository\org\seleniumhq\selenium\selenium-ie-driver\3.141.59\selenium-ie-driver-3.141.59.jar;C:\Users\User\.m2\repository\org\seleniumhq\selenium\selenium-opera-driver\3.141.59\selenium-opera-driver-3.141.59.jar;C:\Users\User\.m2\repository\org\seleniumhq\selenium\selenium-safari-driver\3.141.59\selenium-safari-driver-3.141.59.jar;C:\Users\User\.m2\repository\cglib\cglib\3.3.0\cglib-3.3.0.jar;C:\Users\User\.m2\repository\org\ow2\asm\asm\7.1\asm-7.1.jar;C:\Users\User\.m2\repository\commons-validator\commons-validator\1.7\commons-validator-1.7.jar;C:\Users\User\.m2\repository\commons-digester\commons-digester\2.1\commons-digester-2.1.jar;C:\Users\User\.m2\repository\org\aspectj\aspectjweaver\1.9.7\aspectjweaver-1.9.7.jar;C:\Users\User\.m2\repository\com\qaprosoft\carina-azure\7.4.26\carina-azure-7.4.26.jar;C:\Users\User\.m2\repository\com\azure\azure-storage-blob\12.7.0\azure-storage-blob-12.7.0.jar;C:\Users\User\.m2\repository\com\azure\azure-core\1.5.1\azure-core-1.5.1.jar;C:\Users\User\.m2\repository\com\fasterxml\jackson\datatype\jackson-datatype-jsr310\2.10.1\jackson-datatype-jsr310-2.10.1.jar;C:\Users\User\.m2\repository\com\fasterxml\jackson\dataformat\jackson-dataformat-xml\2.10.1\jackson-dataformat-xml-2.10.1.jar;C:\Users\User\.m2\repository\com\fasterxml\jackson\module\jackson-module-jaxb-annotations\2.10.1\jackson-module-jaxb-annotations-2.10.1.jar;C:\Users\User\.m2\repository\org\codehaus\woodstox\stax2-api\4.2\stax2-api-4.2.jar;C:\Users\User\.m2\repository\com\fasterxml\woodstox\woodstox-core\6.0.2\woodstox-core-6.0.2.jar;C:\Users\User\.m2\repository\io\projectreactor\reactor-core\3.3.5.RELEASE\reactor-core-3.3.5.RELEASE.jar;C:\Users\User\.m2\repository\org\reactivestreams\reactive-streams\1.0.3\reactive-streams-1.0.3.jar;C:\Users\User\.m2\repository\io\netty\netty-tcnative-boringssl-static\2.0.29.Final\netty-tcnative-boringssl-static-2.0.29.Final.jar;C:\Users\User\.m2\repository\com\azure\azure-storage-common\12.7.0\azure-storage-common-12.7.0.jar;C:\Users\User\.m2\repository\com\azure\azure-core-http-netty\1.5.2\azure-core-http-netty-1.5.2.jar;C:\Users\User\.m2\repository\io\netty\netty-handler\4.1.49.Final\netty-handler-4.1.49.Final.jar;C:\Users\User\.m2\repository\io\netty\netty-common\4.1.49.Final\netty-common-4.1.49.Final.jar;C:\Users\User\.m2\repository\io\netty\netty-resolver\4.1.49.Final\netty-resolver-4.1.49.Final.jar;C:\Users\User\.m2\repository\io\netty\netty-transport\4.1.49.Final\netty-transport-4.1.49.Final.jar;C:\Users\User\.m2\repository\io\netty\netty-codec\4.1.49.Final\netty-codec-4.1.49.Final.jar;C:\Users\User\.m2\repository\io\netty\netty-handler-proxy\4.1.49.Final\netty-handler-proxy-4.1.49.Final.jar;C:\Users\User\.m2\repository\io\netty\netty-codec-socks\4.1.49.Final\netty-codec-socks-4.1.49.Final.jar;C:\Users\User\.m2\repository\io\netty\netty-buffer\4.1.49.Final\netty-buffer-4.1.49.Final.jar;C:\Users\User\.m2\repository\io\netty\netty-codec-http\4.1.49.Final\netty-codec-http-4.1.49.Final.jar;C:\Users\User\.m2\repository\io\netty\netty-codec-http2\4.1.49.Final\netty-codec-http2-4.1.49.Final.jar;C:\Users\User\.m2\repository\io\netty\netty-transport-native-unix-common\4.1.49.Final\netty-transport-native-unix-common-4.1.49.Final.jar;C:\Users\User\.m2\repository\io\netty\netty-transport-native-epoll\4.1.49.Final\netty-transport-native-epoll-4.1.49.Final-linux-x86_64.jar;C:\Users\User\.m2\repository\io\projectreactor\netty\reactor-netty\0.9.7.RELEASE\reactor-netty-0.9.7.RELEASE.jar;C:\Users\User\.m2\repository\org\slf4j\slf4j-api\1.7.30\slf4j-api-1.7.30.jar;C:\Users\User\.m2\repository\org\apache\logging\log4j\log4j-api\2.17.1\log4j-api-2.17.1.jar;C:\Users\User\.m2\repository\org\apache\logging\log4j\log4j-core\2.17.1\log4j-core-2.17.1.jar;C:\Users\User\.m2\repository\net\bytebuddy\byte-buddy\1.10.18\byte-buddy-1.10.18.jar;C:\Users\User\.m2\repository\org\mybatis\mybatis\3.5.6\mybatis-3.5.6.jar;C:\Users\User\.m2\repository\org\postgresql\postgresql\42.3.3\postgresql-42.3.3.jar;C:\Users\User\.m2\repository\org\checkerframework\checker-qual\3.5.0\checker-qual-3.5.0.jar;"/>
    <property name="sun.cpu.endian" value="little"/>
    <property name="user.home" value="C:\Users\User"/>
    <property name="user.language" value="uk"/>
    <property name="java.specification.vendor" value="Oracle Corporation"/>
    <property name="java.version.date" value="2022-04-19"/>
    <property name="java.home" value="C:\Java\jdk-11.0.15"/>
    <property name="file.separator" value="\"/>
    <property name="basedir" value="C:\Users\User\Documents\GitHub\project-qa"/>
    <property name="java.vm.compressedOopsMode" value="32-bit"/>
    <property name="line.separator" value="&#10;"/>
    <property name="java.specification.name" value="Java Platform API Specification"/>
    <property name="java.vm.specification.vendor" value="Oracle Corporation"/>
    <property name="java.awt.graphicsenv" value="sun.awt.Win32GraphicsEnvironment"/>
    <property name="user.script" value=""/>
    <property name="sun.management.compiler" value="HotSpot 64-Bit Tiered Compilers"/>
    <property name="java.runtime.version" value="11.0.15+8-LTS-149"/>
    <property name="user.name" value="User"/>
    <property name="path.separator" value=";"/>
    <property name="os.version" value="10.0"/>
    <property name="java.runtime.name" value="Java(TM) SE Runtime Environment"/>
    <property name="file.encoding" value="Cp1251"/>
    <property name="java.vm.name" value="Java HotSpot(TM) 64-Bit Server VM"/>
    <property name="java.vendor.version" value="18.9"/>
    <property name="localRepository" value="C:\Users\User\.m2\repository"/>
    <property name="java.vendor.url.bug" value="https://bugreport.java.com/bugreport/"/>
    <property name="java.io.tmpdir" value="C:\Users\User\AppData\Local\Temp\"/>
    <property name="java.version" value="11.0.15"/>
    <property name="user.dir" value="C:\Users\User\Documents\GitHub\project-qa"/>
    <property name="os.arch" value="amd64"/>
    <property name="java.vm.specification.name" value="Java Virtual Machine Specification"/>
    <property name="java.awt.printerjob" value="sun.awt.windows.WPrinterJob"/>
    <property name="sun.os.patch.level" value=""/>
    <property name="java.library.path" value="C:\Java\jdk-11.0.15\bin;C:\WINDOWS\Sun\Java\bin;C:\WINDOWS\system32;C:\WINDOWS;C:\Program Files\Microsoft MPI\Bin\;C:\WINDOWS\system32;C:\WINDOWS;C:\WINDOWS\System32\Wbem;C:\WINDOWS\System32\WindowsPowerShell\v1.0\;C:\Program Files\MATLAB\R2022a\runtime\win64;C:\Program Files\MATLAB\R2022a\bin;C:\WINDOWS\System32\OpenSSH\;C:\Java\jdk-11.0.15\bin;C:\Program Files\Git\cmd;C:\Maven\apache-maven-3.8.6\bin;C:\Program Files (x86)\Microsoft SQL Server\150\Tools\Binn\;C:\Program Files\Microsoft SQL Server\150\Tools\Binn\;C:\Program Files (x86)\Microsoft SQL Server\150\DTS\Binn\;C:\Program Files\Microsoft SQL Server\150\DTS\Binn\;C:\Program Files\Microsoft SQL Server\Client SDK\ODBC\170\Tools\Binn\;C:\Program Files\Azure Data Studio\bin;C:\webdrivers;C:\Program Files\MySQL\MySQL Shell 8.0\bin\;C:\Python\Scripts\;C:\Python\;C:\Users\User\AppData\Local\Microsoft\WindowsApps;D:\IntelliJ\IntelliJ IDEA Community Edition 2022.1.3\bin;;C:\Users\User\AppData\Local\GitHubDesktop\bin;C:\Program Files\Azure Data Studio\bin;."/>
    <property name="java.vendor" value="Oracle Corporation"/>
    <property name="java.vm.info" value="mixed mode"/>
    <property name="java.vm.version" value="11.0.15+8-LTS-149"/>
    <property name="sun.io.unicode.encoding" value="UnicodeLittle"/>
    <property name="java.class.version" value="55.0"/>
  </properties>
  <testcase name="testNegativeLogIn[, , Заповніть це поле., Заповніть це поле.](1)" classname="com.solvd.carina.demo.my_test_cases.LogInTestCases" time="57.784">
    <system-out><![CDATA[2022-11-01 21:39:24 CarinaListener [main] [INFO] 
============= Test configuration =============
url=https://www.gsmarena.com
env=DEMO
selenium_url=http://localhost:4444/wd/hub
auto_screenshot=true
project_report_directory=./reports
max_screen_history=10
localization_encoding=UTF-8
selenium_url=http://localhost:4444/wd/hub

------------- Driver capabilities -----------
capabilities.browserName=chrome
================================================

2022-11-01 21:39:25 TestRunRegistrar [main-1] [WARN] Reporting disabled: using no op test run registrar
2022-11-01 21:39:27 Reflections [main-1] [INFO] Reflections took 2092 ms to scan 11 urls, producing 2605 keys and 12725 values 
2022-11-01 21:39:27 CarinaListener [main-1] [INFO] Set thread-count=1
2022-11-01 21:39:27 CarinaListener [main-1] [INFO] Set data-provider-thread-count=1
2022-11-01 21:39:27 CarinaListener [main-1] [INFO] CARINA_CORE_VERSION: 7.4.26
2022-11-01 21:39:27 TestRunRegistrar [main-1] [WARN] Reporting disabled: using no op test run registrar
2022-11-01 21:39:27 Messager [main-1] [INFO] TEST [Surefire test - testNegativeLogIn [L01]] STARTED at [21:39:27 2022-11-01]
2022-11-01 21:39:27 DriverFactory [main-1] [INFO] Starting driver session...
2022-11-01 21:39:38 DriverFactory [main-1] [INFO] Driver session started.
2022-11-01 21:39:38 Messager [main-1] [INFO] INFO: opening url 'https://www.gsmarena.com'
2022-11-01 21:39:39 DriverListener [main-1] [INFO] INFO: url 'https://www.gsmarena.com' is opened.
2022-11-01 21:40:14 DriverListener [main-1] [INFO] PASS: element 'logInButton' is clicked.
2022-11-01 21:40:16 DriverListener [main-1] [INFO] PASS: keys cleared in element 'emailField'.
2022-11-01 21:40:17 DriverListener [main-1] [INFO] PASS: keys '' are sent to element 'emailField'.
2022-11-01 21:40:19 DriverListener [main-1] [INFO] PASS: keys cleared in element 'passwordField'.
2022-11-01 21:40:20 DriverListener [main-1] [INFO] PASS: keys '' are sent to element 'passwordField'.
2022-11-01 21:40:22 DriverListener [main-1] [INFO] PASS: element 'logInButton' is clicked.
2022-11-01 21:40:25 Messager [main-1] [INFO] TEST [Surefire test - testNegativeLogIn [L01]] PASSED at [21:40:25 2022-11-01]
]]></system-out>
    <system-err><![CDATA[лист. 01, 2022 9:39:38 ПП org.openqa.selenium.remote.ProtocolHandshake createSession
INFO: Detected dialect: W3C
]]></system-err>
  </testcase>
  <testcase name="testNegativeLogIn[incorrectEmail@gmailcom, , , Заповніть це поле.](2)" classname="com.solvd.carina.demo.my_test_cases.LogInTestCases" time="59.159">
    <system-out><![CDATA[2022-11-01 21:40:25 Messager [main-1] [INFO] TEST [Surefire test - testNegativeLogIn [L02]] STARTED at [21:40:25 2022-11-01]
2022-11-01 21:40:25 DriverFactory [main-1] [INFO] Starting driver session...
2022-11-01 21:40:38 DriverFactory [main-1] [INFO] Driver session started.
2022-11-01 21:40:38 Messager [main-1] [INFO] INFO: opening url 'https://www.gsmarena.com'
2022-11-01 21:40:40 DriverListener [main-1] [INFO] INFO: url 'https://www.gsmarena.com' is opened.
2022-11-01 21:41:12 DriverListener [main-1] [INFO] PASS: element 'logInButton' is clicked.
2022-11-01 21:41:15 DriverListener [main-1] [INFO] PASS: keys cleared in element 'emailField'.
2022-11-01 21:41:16 DriverListener [main-1] [INFO] PASS: keys 'incorrectEmail@gmailcom' are sent to element 'emailField'.
2022-11-01 21:41:18 DriverListener [main-1] [INFO] PASS: keys cleared in element 'passwordField'.
2022-11-01 21:41:19 DriverListener [main-1] [INFO] PASS: keys '' are sent to element 'passwordField'.
2022-11-01 21:41:21 DriverListener [main-1] [INFO] PASS: element 'logInButton' is clicked.
2022-11-01 21:41:24 Messager [main-1] [INFO] TEST [Surefire test - testNegativeLogIn [L02]] PASSED at [21:41:24 2022-11-01]
]]></system-out>
    <system-err><![CDATA[лист. 01, 2022 9:40:38 ПП org.openqa.selenium.remote.ProtocolHandshake createSession
INFO: Detected dialect: W3C
]]></system-err>
  </testcase>
  <testcase name="testNegativeLogIn[, qwe, Заповніть це поле., Виберіть потрібний формат.](3)" classname="com.solvd.carina.demo.my_test_cases.LogInTestCases" time="58.794">
    <system-out><![CDATA[2022-11-01 21:41:24 Messager [main-1] [INFO] TEST [Surefire test - testNegativeLogIn [L03]] STARTED at [21:41:24 2022-11-01]
2022-11-01 21:41:24 DriverFactory [main-1] [INFO] Starting driver session...
2022-11-01 21:41:38 DriverFactory [main-1] [INFO] Driver session started.
2022-11-01 21:41:38 Messager [main-1] [INFO] INFO: opening url 'https://www.gsmarena.com'
2022-11-01 21:41:39 DriverListener [main-1] [INFO] INFO: url 'https://www.gsmarena.com' is opened.
2022-11-01 21:42:12 DriverListener [main-1] [INFO] PASS: element 'logInButton' is clicked.
2022-11-01 21:42:14 DriverListener [main-1] [INFO] PASS: keys cleared in element 'emailField'.
2022-11-01 21:42:15 DriverListener [main-1] [INFO] PASS: keys '' are sent to element 'emailField'.
2022-11-01 21:42:17 DriverListener [main-1] [INFO] PASS: keys cleared in element 'passwordField'.
2022-11-01 21:42:18 DriverListener [main-1] [INFO] PASS: keys 'qwe' are sent to element 'passwordField'.
2022-11-01 21:42:20 DriverListener [main-1] [INFO] PASS: element 'logInButton' is clicked.
2022-11-01 21:42:23 Messager [main-1] [INFO] TEST [Surefire test - testNegativeLogIn [L03]] PASSED at [21:42:23 2022-11-01]
]]></system-out>
    <system-err><![CDATA[лист. 01, 2022 9:41:37 ПП org.openqa.selenium.remote.ProtocolHandshake createSession
INFO: Detected dialect: W3C
]]></system-err>
  </testcase>
  <testcase name="testNegativeLogIn[incorrectEmail@, qwe, Введіть частину електронної адреси після знака &quot;@&quot;. Електронна адреса &quot;incorrectEmail@&quot; неповна., Виберіть потрібний формат.](4)" classname="com.solvd.carina.demo.my_test_cases.LogInTestCases" time="60.944">
    <system-out><![CDATA[2022-11-01 21:42:23 Messager [main-1] [INFO] TEST [Surefire test - testNegativeLogIn [L04]] STARTED at [21:42:23 2022-11-01]
2022-11-01 21:42:23 DriverFactory [main-1] [INFO] Starting driver session...
2022-11-01 21:42:38 DriverFactory [main-1] [INFO] Driver session started.
2022-11-01 21:42:38 Messager [main-1] [INFO] INFO: opening url 'https://www.gsmarena.com'
2022-11-01 21:42:40 DriverListener [main-1] [INFO] INFO: url 'https://www.gsmarena.com' is opened.
2022-11-01 21:43:13 DriverListener [main-1] [INFO] PASS: element 'logInButton' is clicked.
2022-11-01 21:43:15 DriverListener [main-1] [INFO] PASS: keys cleared in element 'emailField'.
2022-11-01 21:43:16 DriverListener [main-1] [INFO] PASS: keys 'incorrectEmail@' are sent to element 'emailField'.
2022-11-01 21:43:18 DriverListener [main-1] [INFO] PASS: keys cleared in element 'passwordField'.
2022-11-01 21:43:19 DriverListener [main-1] [INFO] PASS: keys 'qwe' are sent to element 'passwordField'.
2022-11-01 21:43:21 DriverListener [main-1] [INFO] PASS: element 'logInButton' is clicked.
2022-11-01 21:43:24 Messager [main-1] [INFO] TEST [Surefire test - testNegativeLogIn [L04]] PASSED at [21:43:24 2022-11-01]
]]></system-out>
    <system-err><![CDATA[лист. 01, 2022 9:42:38 ПП org.openqa.selenium.remote.ProtocolHandshake createSession
INFO: Detected dialect: W3C
]]></system-err>
  </testcase>
  <testcase name="testNegativeLogIn[correctEmailgmail.com, C0r3ktP4SS, Електронна адреса має містити знак &quot;@&quot;. В електронній адресі &quot;correctEmailgmail.com&quot; знака &quot;@&quot; немає., ](5)" classname="com.solvd.carina.demo.my_test_cases.LogInTestCases" time="56.999">
    <system-out><![CDATA[2022-11-01 21:43:24 Messager [main-1] [INFO] TEST [Surefire test - testNegativeLogIn [L05]] STARTED at [21:43:24 2022-11-01]
2022-11-01 21:43:24 DriverFactory [main-1] [INFO] Starting driver session...
2022-11-01 21:43:37 DriverFactory [main-1] [INFO] Driver session started.
2022-11-01 21:43:37 Messager [main-1] [INFO] INFO: opening url 'https://www.gsmarena.com'
2022-11-01 21:43:39 DriverListener [main-1] [INFO] INFO: url 'https://www.gsmarena.com' is opened.
2022-11-01 21:44:11 DriverListener [main-1] [INFO] PASS: element 'logInButton' is clicked.
2022-11-01 21:44:13 DriverListener [main-1] [INFO] PASS: keys cleared in element 'emailField'.
2022-11-01 21:44:14 DriverListener [main-1] [INFO] PASS: keys 'correctEmailgmail.com' are sent to element 'emailField'.
2022-11-01 21:44:15 DriverListener [main-1] [INFO] PASS: keys cleared in element 'passwordField'.
2022-11-01 21:44:17 DriverListener [main-1] [INFO] PASS: keys 'C0r3ktP4SS' are sent to element 'passwordField'.
2022-11-01 21:44:18 DriverListener [main-1] [INFO] PASS: element 'logInButton' is clicked.
2022-11-01 21:44:21 Messager [main-1] [INFO] TEST [Surefire test - testNegativeLogIn [L05]] PASSED at [21:44:21 2022-11-01]
]]></system-out>
    <system-err><![CDATA[лист. 01, 2022 9:43:37 ПП org.openqa.selenium.remote.ProtocolHandshake createSession
INFO: Detected dialect: W3C
]]></system-err>
  </testcase>
  <testcase name="testNegativeLogIn[correctEmail@gmail.com, qwe, , Виберіть потрібний формат.](6)" classname="com.solvd.carina.demo.my_test_cases.LogInTestCases" time="60.256">
    <system-out><![CDATA[2022-11-01 21:44:21 Messager [main-1] [INFO] TEST [Surefire test - testNegativeLogIn [L06]] STARTED at [21:44:21 2022-11-01]
2022-11-01 21:44:21 DriverFactory [main-1] [INFO] Starting driver session...
2022-11-01 21:44:37 DriverFactory [main-1] [INFO] Driver session started.
2022-11-01 21:44:37 Messager [main-1] [INFO] INFO: opening url 'https://www.gsmarena.com'
2022-11-01 21:44:38 DriverListener [main-1] [INFO] INFO: url 'https://www.gsmarena.com' is opened.
2022-11-01 21:45:11 DriverListener [main-1] [INFO] PASS: element 'logInButton' is clicked.
2022-11-01 21:45:13 DriverListener [main-1] [INFO] PASS: keys cleared in element 'emailField'.
2022-11-01 21:45:14 DriverListener [main-1] [INFO] PASS: keys 'correctEmail@gmail.com' are sent to element 'emailField'.
2022-11-01 21:45:16 DriverListener [main-1] [INFO] PASS: keys cleared in element 'passwordField'.
2022-11-01 21:45:17 DriverListener [main-1] [INFO] PASS: keys 'qwe' are sent to element 'passwordField'.
2022-11-01 21:45:18 DriverListener [main-1] [INFO] PASS: element 'logInButton' is clicked.
2022-11-01 21:45:21 Messager [main-1] [INFO] TEST [Surefire test - testNegativeLogIn [L06]] PASSED at [21:45:21 2022-11-01]
]]></system-out>
    <system-err><![CDATA[лист. 01, 2022 9:44:37 ПП org.openqa.selenium.remote.ProtocolHandshake createSession
INFO: Detected dialect: W3C
]]></system-err>
  </testcase>
  <testcase name="testNegativeLogIn[@gmail.com, C0r3ktP4SS, Введіть частину електронної адреси до знака &quot;@&quot;. Електронна адреса &quot;@gmail.com&quot; неповна., ](7)" classname="com.solvd.carina.demo.my_test_cases.LogInTestCases" time="58.617">
    <system-out><![CDATA[2022-11-01 21:45:21 Messager [main-1] [INFO] TEST [Surefire test - testNegativeLogIn [L07]] STARTED at [21:45:21 2022-11-01]
2022-11-01 21:45:21 DriverFactory [main-1] [INFO] Starting driver session...
2022-11-01 21:45:38 DriverFactory [main-1] [INFO] Driver session started.
2022-11-01 21:45:38 Messager [main-1] [INFO] INFO: opening url 'https://www.gsmarena.com'
2022-11-01 21:45:39 DriverListener [main-1] [INFO] INFO: url 'https://www.gsmarena.com' is opened.
2022-11-01 21:46:10 DriverListener [main-1] [INFO] PASS: element 'logInButton' is clicked.
2022-11-01 21:46:12 DriverListener [main-1] [INFO] PASS: keys cleared in element 'emailField'.
2022-11-01 21:46:13 DriverListener [main-1] [INFO] PASS: keys '@gmail.com' are sent to element 'emailField'.
2022-11-01 21:46:14 DriverListener [main-1] [INFO] PASS: keys cleared in element 'passwordField'.
2022-11-01 21:46:16 DriverListener [main-1] [INFO] PASS: keys 'C0r3ktP4SS' are sent to element 'passwordField'.
2022-11-01 21:46:17 DriverListener [main-1] [INFO] PASS: element 'logInButton' is clicked.
2022-11-01 21:46:20 Messager [main-1] [INFO] TEST [Surefire test - testNegativeLogIn [L07]] PASSED at [21:46:20 2022-11-01]
]]></system-out>
    <system-err><![CDATA[лист. 01, 2022 9:45:37 ПП org.openqa.selenium.remote.ProtocolHandshake createSession
INFO: Detected dialect: W3C
]]></system-err>
  </testcase>
</testsuite>