<?xml version="1.0" encoding="UTF-8"?>
<!-- Generated by org.testng.reporters.JUnitReportReporter -->
<testsuite hostname="WIN-RP7PLBP3FT3" failures="0" tests="8" name="com.solvd.carina.demo.my_test_cases.LogInTestCases" time="468.706" errors="0" timestamp="2022-11-01T22:04:33 EET" skipped="0">
  <testcase classname="com.solvd.carina.demo.my_test_cases.LogInTestCases" name="testNegativeLogIn" time="36.112"/>
  <system-out/>
  <testcase classname="com.solvd.carina.demo.my_test_cases.LogInTestCases" name="testNegativeLogIn" time="90.113"/>
  <system-out/>
  <testcase classname="com.solvd.carina.demo.my_test_cases.LogInTestCases" name="testNegativeLogIn" time="52.880"/>
  <system-out/>
  <testcase classname="com.solvd.carina.demo.my_test_cases.LogInTestCases" name="testNegativeLogIn" time="44.417"/>
  <system-out/>
  <testcase classname="com.solvd.carina.demo.my_test_cases.LogInTestCases" name="testLogInWindow" time="103.088"/>
  <system-out>
    <![CDATA[FAIL: wrong URL, expected 'https://www.gsmarena.com/' but actual 'https://www.gsmarena.com/forgot.php3'!]]>
  </system-out>
  <testcase classname="com.solvd.carina.demo.my_test_cases.LogInTestCases" name="testNegativeLogIn" time="54.146"/>
  <system-out/>
  <testcase classname="com.solvd.carina.demo.my_test_cases.LogInTestCases" name="testNegativeLogIn" time="42.286"/>
  <system-out/>
  <testcase classname="com.solvd.carina.demo.my_test_cases.LogInTestCases" name="testNegativeLogIn" time="45.664"/>
  <system-out/>
</testsuite> <!-- com.solvd.carina.demo.my_test_cases.LogInTestCases -->
