<?xml version="1.0" encoding="UTF-8"?>
<!-- Generated by org.testng.reporters.JUnitReportReporter -->
<testsuite hostname="WIN-RP7PLBP3FT3" failures="0" tests="1" name="com.solvd.carina.demo.my_test_cases.SignUpTestCases" time="58.576" errors="0" timestamp="2022-11-01T22:04:33 EET" skipped="0">
  <testcase classname="com.solvd.carina.demo.my_test_cases.SignUpTestCases" name="testSignUp" time="58.576"/>
  <system-out/>
</testsuite> <!-- com.solvd.carina.demo.my_test_cases.SignUpTestCases -->
