<?xml version="1.0" encoding="UTF-8"?>
<!-- Generated by org.testng.reporters.JUnitReportReporter -->
<testsuite hostname="WIN-RP7PLBP3FT3" failures="0" tests="4" name="com.solvd.carina.demo.APISampleTest" time="138.796" errors="0" timestamp="2022-10-18T18:40:43 EEST" skipped="0">
  <testcase classname="com.solvd.carina.demo.APISampleTest" name="testDeleteUsers" time="34.461"/>
  <system-out/>
  <testcase classname="com.solvd.carina.demo.APISampleTest" name="testGetUsers" time="36.016"/>
  <system-out/>
  <testcase classname="com.solvd.carina.demo.APISampleTest" name="testCreateUserMissingSomeFields" time="33.801"/>
  <system-out/>
  <testcase classname="com.solvd.carina.demo.APISampleTest" name="testCreateUser" time="34.518"/>
  <system-out/>
</testsuite> <!-- com.solvd.carina.demo.APISampleTest -->
