<?xml version="1.0" encoding="UTF-8"?>
<!-- Generated by org.testng.reporters.JUnitReportReporter -->
<testsuite hostname="WIN-RP7PLBP3FT3" failures="0" tests="1" name="com.solvd.carina.demo.my_test_cases.FooterMenuTestCases" time="235.557" errors="0" timestamp="2022-11-01T22:04:33 EET" skipped="0">
  <testcase classname="com.solvd.carina.demo.my_test_cases.FooterMenuTestCases" name="testFooterMenu" time="235.557"/>
  <system-out>
    <![CDATA[FAIL: wrong URL, expected 'https://www.gsmarena.com/' but actual 'https://www.gsmarena.com/news.php3'!
FAIL: wrong URL, expected 'https://www.gsmarena.com/' but actual 'https://www.gsmarena.com/news.php3'!
FAIL: wrong URL, expected 'https://www.gsmarena.com/' but actual 'https://www.gsmarena.com/reviews.php3'!
FAIL: wrong URL, expected 'https://www.gsmarena.com/' but actual 'https://www.gsmarena.com/reviews.php3'!
FAIL: wrong URL, expected 'https://www.gsmarena.com/' but actual 'https://www.gsmarena.com/compare.php3'!
FAIL: wrong URL, expected 'https://www.gsmarena.com/' but actual 'https://www.gsmarena.com/compare.php3'!
FAIL: wrong URL, expected 'https://www.gsmarena.com/' but actual 'https://www.gsmarena.com/network-bands.php3'!
FAIL: wrong URL, expected 'https://www.gsmarena.com/' but actual 'https://www.gsmarena.com/network-bands.php3'!
FAIL: wrong URL, expected 'https://www.gsmarena.com/' but actual 'https://www.gsmarena.com/glossary.php3'!
FAIL: wrong URL, expected 'https://www.gsmarena.com/' but actual 'https://www.gsmarena.com/glossary.php3'!
FAIL: wrong URL, expected 'https://www.gsmarena.com/' but actual 'https://www.gsmarena.com/faq.php3'!
FAIL: wrong URL, expected 'https://www.gsmarena.com/' but actual 'https://www.gsmarena.com/faq.php3'!
FAIL: wrong URL, expected 'https://www.gsmarena.com/' but actual 'https://www.gsmarena.com/rss-news-reviews.php3'!
FAIL: wrong URL, expected 'https://www.gsmarena.com/' but actual 'https://www.gsmarena.com/rss-news-reviews.php3'!
FAIL: wrong URL, expected 'https://www.gsmarena.com/' but actual 'https://www.youtube.com/channel/UCbLq9tsbo8peV22VxbDAfXA?sub_confirmation=1'!
FAIL: wrong URL, expected 'https://www.gsmarena.com/' but actual 'https://www.facebook.com/people/GSMArenacom/100066846038410/'!
FAIL: wrong URL, expected 'https://www.gsmarena.com/' but actual 'https://twitter.com/gsmarena_com'!
FAIL: wrong URL, expected 'https://www.gsmarena.com/' but actual 'https://www.instagram.com/gsmarenateam/'!
FAIL: wrong URL, expected 'https://www.gsmarena.com/' but actual 'https://www.gsmarena.com/team.php3'!
FAIL: wrong URL, expected 'https://www.gsmarena.com/' but actual 'https://www.gsmarena.com/team.php3'!
FAIL: wrong URL, expected 'https://www.gsmarena.com/' but actual 'https://m.gsmarena.com/'!
FAIL: wrong URL, expected 'https://www.gsmarena.com/' but actual 'https://m.gsmarena.com/'!
FAIL: wrong URL, expected 'https://www.gsmarena.com/' but actual 'https://play.google.com/store/apps/details?id=com.gsmarena.android'!
FAIL: wrong URL, expected 'https://www.gsmarena.com/' but actual 'https://www.gsmarena.com/tools.php3'!
FAIL: wrong URL, expected 'https://www.gsmarena.com/' but actual 'https://www.gsmarena.com/tools.php3'!
FAIL: wrong URL, expected 'https://www.gsmarena.com/' but actual 'https://www.gsmarena.com/contact.php3'!
FAIL: wrong URL, expected 'https://www.gsmarena.com/' but actual 'https://www.gsmarena.com/contact.php3'!
FAIL: wrong URL, expected 'https://www.gsmarena.com/' but actual 'https://merch.gsmarena.com/'!
FAIL: wrong URL, expected 'https://www.gsmarena.com/' but actual 'https://www.gsmarena.com/privacy-policy.php3'!
FAIL: wrong URL, expected 'https://www.gsmarena.com/' but actual 'https://www.gsmarena.com/privacy-policy.php3'!
FAIL: wrong URL, expected 'https://www.gsmarena.com/' but actual 'https://www.gsmarena.com/terms.php3'!
FAIL: wrong URL, expected 'https://www.gsmarena.com/' but actual 'https://www.gsmarena.com/terms.php3'!]]>
  </system-out>
</testsuite> <!-- com.solvd.carina.demo.my_test_cases.FooterMenuTestCases -->
