<?xml version="1.0" encoding="UTF-8"?>
<!-- Generated by org.testng.reporters.JUnitReportReporter -->
<testsuite hostname="WIN-RP7PLBP3FT3" failures="0" tests="1" name="com.solvd.carina.demo.my_test_cases.HeaderMenuTestCases" time="209.559" errors="0" timestamp="2022-11-01T22:04:33 EET" skipped="0">
  <testcase classname="com.solvd.carina.demo.my_test_cases.HeaderMenuTestCases" name="testHeaderMenu" time="209.559"/>
  <system-out>
    <![CDATA[FAIL: wrong URL, expected 'https://www.gsmarena.com/' but actual 'https://www.gsmarena.com/news.php3'!
FAIL: wrong URL, expected 'https://www.gsmarena.com/' but actual 'https://www.gsmarena.com/news.php3'!
FAIL: wrong URL, expected 'https://www.gsmarena.com/' but actual 'https://www.gsmarena.com/reviews.php3'!
FAIL: wrong URL, expected 'https://www.gsmarena.com/' but actual 'https://www.gsmarena.com/reviews.php3'!
FAIL: wrong URL, expected 'https://www.gsmarena.com/' but actual 'https://www.gsmarena.com/videos.php3'!
FAIL: wrong URL, expected 'https://www.gsmarena.com/' but actual 'https://www.gsmarena.com/videos.php3'!
FAIL: wrong URL, expected 'https://www.gsmarena.com/' but actual 'https://www.gsmarena.com/news.php3?sTag=Featured'!
FAIL: wrong URL, expected 'https://www.gsmarena.com/' but actual 'https://www.gsmarena.com/news.php3?sTag=Featured'!
FAIL: wrong URL, expected 'https://www.gsmarena.com/' but actual 'https://www.gsmarena.com/search.php3?'!
FAIL: wrong URL, expected 'https://www.gsmarena.com/' but actual 'https://www.gsmarena.com/search.php3?'!
FAIL: wrong URL, expected 'https://www.gsmarena.com/' but actual 'https://www.gsmarena.com/deals.php3'!
FAIL: wrong URL, expected 'https://www.gsmarena.com/' but actual 'https://www.gsmarena.com/deals.php3'!
FAIL: wrong URL, expected 'https://www.gsmarena.com/' but actual 'https://www.gsmarena.com/videos.php3'!
FAIL: wrong URL, expected 'https://www.gsmarena.com/' but actual 'https://www.gsmarena.com/videos.php3'!
FAIL: wrong URL, expected 'https://www.gsmarena.com/' but actual 'https://www.gsmarena.com/network-bands.php3'!
FAIL: wrong URL, expected 'https://www.gsmarena.com/' but actual 'https://www.gsmarena.com/network-bands.php3'!
FAIL: wrong URL, expected 'https://www.gsmarena.com/' but actual 'https://www.gsmarena.com/contact.php3'!
FAIL: wrong URL, expected 'https://www.gsmarena.com/' but actual 'https://www.gsmarena.com/contact.php3'!]]>
  </system-out>
</testsuite> <!-- com.solvd.carina.demo.my_test_cases.HeaderMenuTestCases -->
